2021-06-23 22:09:29 INFO  [main] c.n.k.r.ReviewServiceApplication.logStarting:55 - Starting ReviewServiceApplication on LAPTOP-LPES598N with PID 13356 (C:\Users\Сережа\git\NetcrackerProject\review-service\review-service-application\target\classes started by Sergey in C:\Users\Сережа\git\NetcrackerProject\review-service\review-service-application)
2021-06-23 22:09:29 DEBUG [main] c.n.k.r.ReviewServiceApplication.logStarting:56 - Running with Spring Boot v2.3.3.RELEASE, Spring v5.2.8.RELEASE
2021-06-23 22:09:29 INFO  [main] c.n.k.r.ReviewServiceApplication.logStartupProfileInfo:655 - The following profiles are active: development
2021-06-23 22:09:31 INFO  [main] o.s.d.r.c.RepositoryConfigurationDelegate.registerRepositoriesIn:127 - Bootstrapping Spring Data JPA repositories in DEFERRED mode.
2021-06-23 22:09:31 INFO  [main] o.s.d.r.c.RepositoryConfigurationDelegate.registerRepositoriesIn:187 - Finished Spring Data repository scanning in 143ms. Found 6 JPA repository interfaces.
2021-06-23 22:09:32 INFO  [main] o.s.b.w.e.tomcat.TomcatWebServer.initialize:108 - Tomcat initialized with port(s): 8091 (http)
2021-06-23 22:09:32 INFO  [main] o.a.catalina.core.StandardService.log:173 - Starting service [Tomcat]
2021-06-23 22:09:32 INFO  [main] o.a.catalina.core.StandardEngine.log:173 - Starting Servlet engine: [Apache Tomcat/9.0.37]
2021-06-23 22:09:33 INFO  [main] o.a.c.c.C.[Tomcat].[localhost].[/].log:173 - Initializing Spring embedded WebApplicationContext
2021-06-23 22:09:33 INFO  [main] o.s.b.w.s.c.ServletWebServerApplicationContext.prepareWebApplicationContext:285 - Root WebApplicationContext: initialization completed in 3658 ms
2021-06-23 22:09:33 INFO  [main] o.f.c.i.license.VersionPrinter.info:49 - Flyway Community Edition 6.4.4 by Redgate
2021-06-23 22:09:33 INFO  [main] com.zaxxer.hikari.HikariDataSource.getConnection:110 - HikariPool-1 - Starting...
2021-06-23 22:09:39 ERROR [main] com.zaxxer.hikari.pool.HikariPool.throwPoolInitializationException:593 - HikariPool-1 - Exception during pool initialization.
com.mysql.cj.jdbc.exceptions.CommunicationsException: Communications link failure

The last packet sent successfully to the server was 0 milliseconds ago. The driver has not received any packets from the server.
	at com.mysql.cj.jdbc.exceptions.SQLError.createCommunicationsException(SQLError.java:174)
	at com.mysql.cj.jdbc.exceptions.SQLExceptionsMapping.translateException(SQLExceptionsMapping.java:64)
	at com.mysql.cj.jdbc.ConnectionImpl.createNewIO(ConnectionImpl.java:836)
	at com.mysql.cj.jdbc.ConnectionImpl.<init>(ConnectionImpl.java:456)
	at com.mysql.cj.jdbc.ConnectionImpl.getInstance(ConnectionImpl.java:246)
	at com.mysql.cj.jdbc.NonRegisteringDriver.connect(NonRegisteringDriver.java:197)
	at com.zaxxer.hikari.util.DriverDataSource.getConnection(DriverDataSource.java:138)
	at com.zaxxer.hikari.pool.PoolBase.newConnection(PoolBase.java:358)
	at com.zaxxer.hikari.pool.PoolBase.newPoolEntry(PoolBase.java:206)
	at com.zaxxer.hikari.pool.HikariPool.createPoolEntry(HikariPool.java:477)
	at com.zaxxer.hikari.pool.HikariPool.checkFailFast(HikariPool.java:560)
	at com.zaxxer.hikari.pool.HikariPool.<init>(HikariPool.java:115)
	at com.zaxxer.hikari.HikariDataSource.getConnection(HikariDataSource.java:112)
	at org.flywaydb.core.internal.jdbc.JdbcUtils.openConnection(JdbcUtils.java:56)
	at org.flywaydb.core.internal.jdbc.JdbcConnectionFactory.<init>(JdbcConnectionFactory.java:80)
	at org.flywaydb.core.Flyway.execute(Flyway.java:456)
	at org.flywaydb.core.Flyway.migrate(Flyway.java:159)
	at org.springframework.boot.autoconfigure.flyway.FlywayMigrationInitializer.afterPropertiesSet(FlywayMigrationInitializer.java:65)
	at org.springframework.beans.factory.support.AbstractAutowireCapableBeanFactory.invokeInitMethods(AbstractAutowireCapableBeanFactory.java:1853)
	at org.springframework.beans.factory.support.AbstractAutowireCapableBeanFactory.initializeBean(AbstractAutowireCapableBeanFactory.java:1790)
	at org.springframework.beans.factory.support.AbstractAutowireCapableBeanFactory.doCreateBean(AbstractAutowireCapableBeanFactory.java:594)
	at org.springframework.beans.factory.support.AbstractAutowireCapableBeanFactory.createBean(AbstractAutowireCapableBeanFactory.java:516)
	at org.springframework.beans.factory.support.AbstractBeanFactory.lambda$doGetBean$0(AbstractBeanFactory.java:324)
	at org.springframework.beans.factory.support.DefaultSingletonBeanRegistry.getSingleton(DefaultSingletonBeanRegistry.java:226)
	at org.springframework.beans.factory.support.AbstractBeanFactory.doGetBean(AbstractBeanFactory.java:322)
	at org.springframework.beans.factory.support.AbstractBeanFactory.getBean(AbstractBeanFactory.java:202)
	at org.springframework.beans.factory.support.AbstractBeanFactory.doGetBean(AbstractBeanFactory.java:311)
	at org.springframework.beans.factory.support.AbstractBeanFactory.getBean(AbstractBeanFactory.java:202)
	at org.springframework.context.support.AbstractApplicationContext.getBean(AbstractApplicationContext.java:1109)
	at org.springframework.context.support.AbstractApplicationContext.finishBeanFactoryInitialization(AbstractApplicationContext.java:869)
	at org.springframework.context.support.AbstractApplicationContext.refresh(AbstractApplicationContext.java:551)
	at org.springframework.boot.web.servlet.context.ServletWebServerApplicationContext.refresh(ServletWebServerApplicationContext.java:143)
	at org.springframework.boot.SpringApplication.refresh(SpringApplication.java:758)
	at org.springframework.boot.SpringApplication.refresh(SpringApplication.java:750)
	at org.springframework.boot.SpringApplication.refreshContext(SpringApplication.java:397)
	at org.springframework.boot.SpringApplication.run(SpringApplication.java:315)
	at org.springframework.boot.SpringApplication.run(SpringApplication.java:1237)
	at org.springframework.boot.SpringApplication.run(SpringApplication.java:1226)
	at com.netcracker.kinopoisk.review.ReviewServiceApplication.main(ReviewServiceApplication.java:15)
Caused by: com.mysql.cj.exceptions.CJCommunicationsException: Communications link failure

The last packet sent successfully to the server was 0 milliseconds ago. The driver has not received any packets from the server.
	at java.base/jdk.internal.reflect.NativeConstructorAccessorImpl.newInstance0(Native Method)
	at java.base/jdk.internal.reflect.NativeConstructorAccessorImpl.newInstance(NativeConstructorAccessorImpl.java:62)
	at java.base/jdk.internal.reflect.DelegatingConstructorAccessorImpl.newInstance(DelegatingConstructorAccessorImpl.java:45)
	at java.base/java.lang.reflect.Constructor.newInstance(Constructor.java:490)
	at com.mysql.cj.exceptions.ExceptionFactory.createException(ExceptionFactory.java:61)
	at com.mysql.cj.exceptions.ExceptionFactory.createException(ExceptionFactory.java:105)
	at com.mysql.cj.exceptions.ExceptionFactory.createException(ExceptionFactory.java:151)
	at com.mysql.cj.exceptions.ExceptionFactory.createCommunicationsException(ExceptionFactory.java:167)
	at com.mysql.cj.protocol.a.NativeSocketConnection.connect(NativeSocketConnection.java:91)
	at com.mysql.cj.NativeSession.connect(NativeSession.java:144)
	at com.mysql.cj.jdbc.ConnectionImpl.connectOneTryOnly(ConnectionImpl.java:956)
	at com.mysql.cj.jdbc.ConnectionImpl.createNewIO(ConnectionImpl.java:826)
	... 36 common frames omitted
Caused by: java.net.ConnectException: Connection refused: connect
	at java.base/java.net.PlainSocketImpl.waitForConnect(Native Method)
	at java.base/java.net.PlainSocketImpl.socketConnect(PlainSocketImpl.java:107)
	at java.base/java.net.AbstractPlainSocketImpl.doConnect(AbstractPlainSocketImpl.java:399)
	at java.base/java.net.AbstractPlainSocketImpl.connectToAddress(AbstractPlainSocketImpl.java:242)
	at java.base/java.net.AbstractPlainSocketImpl.connect(AbstractPlainSocketImpl.java:224)
	at java.base/java.net.SocksSocketImpl.connect(SocksSocketImpl.java:403)
	at java.base/java.net.Socket.connect(Socket.java:608)
	at com.mysql.cj.protocol.StandardSocketFactory.connect(StandardSocketFactory.java:155)
	at com.mysql.cj.protocol.a.NativeSocketConnection.connect(NativeSocketConnection.java:65)
	... 39 common frames omitted
2021-06-23 22:09:39 WARN  [main] o.s.b.w.s.c.AnnotationConfigServletWebServerApplicationContext.refresh:559 - Exception encountered during context initialization - cancelling refresh attempt: org.springframework.beans.factory.BeanCreationException: Error creating bean with name 'flywayInitializer' defined in class path resource [org/springframework/boot/autoconfigure/flyway/FlywayAutoConfiguration$FlywayConfiguration.class]: Invocation of init method failed; nested exception is org.flywaydb.core.internal.exception.FlywaySqlException: 
Unable to obtain connection from database: Communications link failure

The last packet sent successfully to the server was 0 milliseconds ago. The driver has not received any packets from the server.
--------------------------------------------------------------------------------------------------------------------------------------------------------------------------------------------------------
SQL State  : 08S01
Error Code : 0
Message    : Communications link failure

The last packet sent successfully to the server was 0 milliseconds ago. The driver has not received any packets from the server.

2021-06-23 22:09:39 INFO  [main] o.a.catalina.core.StandardService.log:173 - Stopping service [Tomcat]
2021-06-23 22:09:39 INFO  [main] o.s.b.a.l.ConditionEvaluationReportLoggingListener.logMessage:136 - 

Error starting ApplicationContext. To display the conditions report re-run your application with 'debug' enabled.
2021-06-23 22:09:39 ERROR [main] o.s.boot.SpringApplication.reportFailure:837 - Application run failed
org.springframework.beans.factory.BeanCreationException: Error creating bean with name 'flywayInitializer' defined in class path resource [org/springframework/boot/autoconfigure/flyway/FlywayAutoConfiguration$FlywayConfiguration.class]: Invocation of init method failed; nested exception is org.flywaydb.core.internal.exception.FlywaySqlException: 
Unable to obtain connection from database: Communications link failure

The last packet sent successfully to the server was 0 milliseconds ago. The driver has not received any packets from the server.
--------------------------------------------------------------------------------------------------------------------------------------------------------------------------------------------------------
SQL State  : 08S01
Error Code : 0
Message    : Communications link failure

The last packet sent successfully to the server was 0 milliseconds ago. The driver has not received any packets from the server.

	at org.springframework.beans.factory.support.AbstractAutowireCapableBeanFactory.initializeBean(AbstractAutowireCapableBeanFactory.java:1794)
	at org.springframework.beans.factory.support.AbstractAutowireCapableBeanFactory.doCreateBean(AbstractAutowireCapableBeanFactory.java:594)
	at org.springframework.beans.factory.support.AbstractAutowireCapableBeanFactory.createBean(AbstractAutowireCapableBeanFactory.java:516)
	at org.springframework.beans.factory.support.AbstractBeanFactory.lambda$doGetBean$0(AbstractBeanFactory.java:324)
	at org.springframework.beans.factory.support.DefaultSingletonBeanRegistry.getSingleton(DefaultSingletonBeanRegistry.java:226)
	at org.springframework.beans.factory.support.AbstractBeanFactory.doGetBean(AbstractBeanFactory.java:322)
	at org.springframework.beans.factory.support.AbstractBeanFactory.getBean(AbstractBeanFactory.java:202)
	at org.springframework.beans.factory.support.AbstractBeanFactory.doGetBean(AbstractBeanFactory.java:311)
	at org.springframework.beans.factory.support.AbstractBeanFactory.getBean(AbstractBeanFactory.java:202)
	at org.springframework.context.support.AbstractApplicationContext.getBean(AbstractApplicationContext.java:1109)
	at org.springframework.context.support.AbstractApplicationContext.finishBeanFactoryInitialization(AbstractApplicationContext.java:869)
	at org.springframework.context.support.AbstractApplicationContext.refresh(AbstractApplicationContext.java:551)
	at org.springframework.boot.web.servlet.context.ServletWebServerApplicationContext.refresh(ServletWebServerApplicationContext.java:143)
	at org.springframework.boot.SpringApplication.refresh(SpringApplication.java:758)
	at org.springframework.boot.SpringApplication.refresh(SpringApplication.java:750)
	at org.springframework.boot.SpringApplication.refreshContext(SpringApplication.java:397)
	at org.springframework.boot.SpringApplication.run(SpringApplication.java:315)
	at org.springframework.boot.SpringApplication.run(SpringApplication.java:1237)
	at org.springframework.boot.SpringApplication.run(SpringApplication.java:1226)
	at com.netcracker.kinopoisk.review.ReviewServiceApplication.main(ReviewServiceApplication.java:15)
Caused by: org.flywaydb.core.internal.exception.FlywaySqlException: 
Unable to obtain connection from database: Communications link failure

The last packet sent successfully to the server was 0 milliseconds ago. The driver has not received any packets from the server.
--------------------------------------------------------------------------------------------------------------------------------------------------------------------------------------------------------
SQL State  : 08S01
Error Code : 0
Message    : Communications link failure

The last packet sent successfully to the server was 0 milliseconds ago. The driver has not received any packets from the server.

	at org.flywaydb.core.internal.jdbc.JdbcUtils.openConnection(JdbcUtils.java:65)
	at org.flywaydb.core.internal.jdbc.JdbcConnectionFactory.<init>(JdbcConnectionFactory.java:80)
	at org.flywaydb.core.Flyway.execute(Flyway.java:456)
	at org.flywaydb.core.Flyway.migrate(Flyway.java:159)
	at org.springframework.boot.autoconfigure.flyway.FlywayMigrationInitializer.afterPropertiesSet(FlywayMigrationInitializer.java:65)
	at org.springframework.beans.factory.support.AbstractAutowireCapableBeanFactory.invokeInitMethods(AbstractAutowireCapableBeanFactory.java:1853)
	at org.springframework.beans.factory.support.AbstractAutowireCapableBeanFactory.initializeBean(AbstractAutowireCapableBeanFactory.java:1790)
	... 19 common frames omitted
Caused by: com.mysql.cj.jdbc.exceptions.CommunicationsException: Communications link failure

The last packet sent successfully to the server was 0 milliseconds ago. The driver has not received any packets from the server.
	at com.mysql.cj.jdbc.exceptions.SQLError.createCommunicationsException(SQLError.java:174)
	at com.mysql.cj.jdbc.exceptions.SQLExceptionsMapping.translateException(SQLExceptionsMapping.java:64)
	at com.mysql.cj.jdbc.ConnectionImpl.createNewIO(ConnectionImpl.java:836)
	at com.mysql.cj.jdbc.ConnectionImpl.<init>(ConnectionImpl.java:456)
	at com.mysql.cj.jdbc.ConnectionImpl.getInstance(ConnectionImpl.java:246)
	at com.mysql.cj.jdbc.NonRegisteringDriver.connect(NonRegisteringDriver.java:197)
	at com.zaxxer.hikari.util.DriverDataSource.getConnection(DriverDataSource.java:138)
	at com.zaxxer.hikari.pool.PoolBase.newConnection(PoolBase.java:358)
	at com.zaxxer.hikari.pool.PoolBase.newPoolEntry(PoolBase.java:206)
	at com.zaxxer.hikari.pool.HikariPool.createPoolEntry(HikariPool.java:477)
	at com.zaxxer.hikari.pool.HikariPool.checkFailFast(HikariPool.java:560)
	at com.zaxxer.hikari.pool.HikariPool.<init>(HikariPool.java:115)
	at com.zaxxer.hikari.HikariDataSource.getConnection(HikariDataSource.java:112)
	at org.flywaydb.core.internal.jdbc.JdbcUtils.openConnection(JdbcUtils.java:56)
	... 25 common frames omitted
Caused by: com.mysql.cj.exceptions.CJCommunicationsException: Communications link failure

The last packet sent successfully to the server was 0 milliseconds ago. The driver has not received any packets from the server.
	at java.base/jdk.internal.reflect.NativeConstructorAccessorImpl.newInstance0(Native Method)
	at java.base/jdk.internal.reflect.NativeConstructorAccessorImpl.newInstance(NativeConstructorAccessorImpl.java:62)
	at java.base/jdk.internal.reflect.DelegatingConstructorAccessorImpl.newInstance(DelegatingConstructorAccessorImpl.java:45)
	at java.base/java.lang.reflect.Constructor.newInstance(Constructor.java:490)
	at com.mysql.cj.exceptions.ExceptionFactory.createException(ExceptionFactory.java:61)
	at com.mysql.cj.exceptions.ExceptionFactory.createException(ExceptionFactory.java:105)
	at com.mysql.cj.exceptions.ExceptionFactory.createException(ExceptionFactory.java:151)
	at com.mysql.cj.exceptions.ExceptionFactory.createCommunicationsException(ExceptionFactory.java:167)
	at com.mysql.cj.protocol.a.NativeSocketConnection.connect(NativeSocketConnection.java:91)
	at com.mysql.cj.NativeSession.connect(NativeSession.java:144)
	at com.mysql.cj.jdbc.ConnectionImpl.connectOneTryOnly(ConnectionImpl.java:956)
	at com.mysql.cj.jdbc.ConnectionImpl.createNewIO(ConnectionImpl.java:826)
	... 36 common frames omitted
Caused by: java.net.ConnectException: Connection refused: connect
	at java.base/java.net.PlainSocketImpl.waitForConnect(Native Method)
	at java.base/java.net.PlainSocketImpl.socketConnect(PlainSocketImpl.java:107)
	at java.base/java.net.AbstractPlainSocketImpl.doConnect(AbstractPlainSocketImpl.java:399)
	at java.base/java.net.AbstractPlainSocketImpl.connectToAddress(AbstractPlainSocketImpl.java:242)
	at java.base/java.net.AbstractPlainSocketImpl.connect(AbstractPlainSocketImpl.java:224)
	at java.base/java.net.SocksSocketImpl.connect(SocksSocketImpl.java:403)
	at java.base/java.net.Socket.connect(Socket.java:608)
	at com.mysql.cj.protocol.StandardSocketFactory.connect(StandardSocketFactory.java:155)
	at com.mysql.cj.protocol.a.NativeSocketConnection.connect(NativeSocketConnection.java:65)
	... 39 common frames omitted
2021-06-23 22:17:35 INFO  [main] c.n.k.r.ReviewServiceApplication.logStarting:55 - Starting ReviewServiceApplication on LAPTOP-LPES598N with PID 10464 (C:\Users\Сережа\git\NetcrackerProject\review-service\review-service-application\target\classes started by Sergey in C:\Users\Сережа\git\NetcrackerProject\review-service\review-service-application)
2021-06-23 22:17:35 DEBUG [main] c.n.k.r.ReviewServiceApplication.logStarting:56 - Running with Spring Boot v2.3.3.RELEASE, Spring v5.2.8.RELEASE
2021-06-23 22:17:35 INFO  [main] c.n.k.r.ReviewServiceApplication.logStartupProfileInfo:655 - The following profiles are active: development
2021-06-23 22:17:36 INFO  [main] o.s.d.r.c.RepositoryConfigurationDelegate.registerRepositoriesIn:127 - Bootstrapping Spring Data JPA repositories in DEFERRED mode.
2021-06-23 22:17:36 INFO  [main] o.s.d.r.c.RepositoryConfigurationDelegate.registerRepositoriesIn:187 - Finished Spring Data repository scanning in 148ms. Found 6 JPA repository interfaces.
2021-06-23 22:17:37 INFO  [main] o.s.b.w.e.tomcat.TomcatWebServer.initialize:108 - Tomcat initialized with port(s): 8091 (http)
2021-06-23 22:17:37 INFO  [main] o.a.catalina.core.StandardService.log:173 - Starting service [Tomcat]
2021-06-23 22:17:37 INFO  [main] o.a.catalina.core.StandardEngine.log:173 - Starting Servlet engine: [Apache Tomcat/9.0.37]
2021-06-23 22:17:37 INFO  [main] o.a.c.c.C.[Tomcat].[localhost].[/].log:173 - Initializing Spring embedded WebApplicationContext
2021-06-23 22:17:37 INFO  [main] o.s.b.w.s.c.ServletWebServerApplicationContext.prepareWebApplicationContext:285 - Root WebApplicationContext: initialization completed in 2663 ms
2021-06-23 22:17:38 INFO  [main] o.f.c.i.license.VersionPrinter.info:49 - Flyway Community Edition 6.4.4 by Redgate
2021-06-23 22:17:38 INFO  [main] com.zaxxer.hikari.HikariDataSource.getConnection:110 - HikariPool-1 - Starting...
2021-06-23 22:17:43 ERROR [main] com.zaxxer.hikari.pool.HikariPool.throwPoolInitializationException:593 - HikariPool-1 - Exception during pool initialization.
com.mysql.cj.jdbc.exceptions.CommunicationsException: Communications link failure

The last packet sent successfully to the server was 0 milliseconds ago. The driver has not received any packets from the server.
	at com.mysql.cj.jdbc.exceptions.SQLError.createCommunicationsException(SQLError.java:174)
	at com.mysql.cj.jdbc.exceptions.SQLExceptionsMapping.translateException(SQLExceptionsMapping.java:64)
	at com.mysql.cj.jdbc.ConnectionImpl.createNewIO(ConnectionImpl.java:836)
	at com.mysql.cj.jdbc.ConnectionImpl.<init>(ConnectionImpl.java:456)
	at com.mysql.cj.jdbc.ConnectionImpl.getInstance(ConnectionImpl.java:246)
	at com.mysql.cj.jdbc.NonRegisteringDriver.connect(NonRegisteringDriver.java:197)
	at com.zaxxer.hikari.util.DriverDataSource.getConnection(DriverDataSource.java:138)
	at com.zaxxer.hikari.pool.PoolBase.newConnection(PoolBase.java:358)
	at com.zaxxer.hikari.pool.PoolBase.newPoolEntry(PoolBase.java:206)
	at com.zaxxer.hikari.pool.HikariPool.createPoolEntry(HikariPool.java:477)
	at com.zaxxer.hikari.pool.HikariPool.checkFailFast(HikariPool.java:560)
	at com.zaxxer.hikari.pool.HikariPool.<init>(HikariPool.java:115)
	at com.zaxxer.hikari.HikariDataSource.getConnection(HikariDataSource.java:112)
	at org.flywaydb.core.internal.jdbc.JdbcUtils.openConnection(JdbcUtils.java:56)
	at org.flywaydb.core.internal.jdbc.JdbcConnectionFactory.<init>(JdbcConnectionFactory.java:80)
	at org.flywaydb.core.Flyway.execute(Flyway.java:456)
	at org.flywaydb.core.Flyway.migrate(Flyway.java:159)
	at org.springframework.boot.autoconfigure.flyway.FlywayMigrationInitializer.afterPropertiesSet(FlywayMigrationInitializer.java:65)
	at org.springframework.beans.factory.support.AbstractAutowireCapableBeanFactory.invokeInitMethods(AbstractAutowireCapableBeanFactory.java:1853)
	at org.springframework.beans.factory.support.AbstractAutowireCapableBeanFactory.initializeBean(AbstractAutowireCapableBeanFactory.java:1790)
	at org.springframework.beans.factory.support.AbstractAutowireCapableBeanFactory.doCreateBean(AbstractAutowireCapableBeanFactory.java:594)
	at org.springframework.beans.factory.support.AbstractAutowireCapableBeanFactory.createBean(AbstractAutowireCapableBeanFactory.java:516)
	at org.springframework.beans.factory.support.AbstractBeanFactory.lambda$doGetBean$0(AbstractBeanFactory.java:324)
	at org.springframework.beans.factory.support.DefaultSingletonBeanRegistry.getSingleton(DefaultSingletonBeanRegistry.java:226)
	at org.springframework.beans.factory.support.AbstractBeanFactory.doGetBean(AbstractBeanFactory.java:322)
	at org.springframework.beans.factory.support.AbstractBeanFactory.getBean(AbstractBeanFactory.java:202)
	at org.springframework.beans.factory.support.AbstractBeanFactory.doGetBean(AbstractBeanFactory.java:311)
	at org.springframework.beans.factory.support.AbstractBeanFactory.getBean(AbstractBeanFactory.java:202)
	at org.springframework.context.support.AbstractApplicationContext.getBean(AbstractApplicationContext.java:1109)
	at org.springframework.context.support.AbstractApplicationContext.finishBeanFactoryInitialization(AbstractApplicationContext.java:869)
	at org.springframework.context.support.AbstractApplicationContext.refresh(AbstractApplicationContext.java:551)
	at org.springframework.boot.web.servlet.context.ServletWebServerApplicationContext.refresh(ServletWebServerApplicationContext.java:143)
	at org.springframework.boot.SpringApplication.refresh(SpringApplication.java:758)
	at org.springframework.boot.SpringApplication.refresh(SpringApplication.java:750)
	at org.springframework.boot.SpringApplication.refreshContext(SpringApplication.java:397)
	at org.springframework.boot.SpringApplication.run(SpringApplication.java:315)
	at org.springframework.boot.SpringApplication.run(SpringApplication.java:1237)
	at org.springframework.boot.SpringApplication.run(SpringApplication.java:1226)
	at com.netcracker.kinopoisk.review.ReviewServiceApplication.main(ReviewServiceApplication.java:15)
Caused by: com.mysql.cj.exceptions.CJCommunicationsException: Communications link failure

The last packet sent successfully to the server was 0 milliseconds ago. The driver has not received any packets from the server.
	at java.base/jdk.internal.reflect.NativeConstructorAccessorImpl.newInstance0(Native Method)
	at java.base/jdk.internal.reflect.NativeConstructorAccessorImpl.newInstance(NativeConstructorAccessorImpl.java:62)
	at java.base/jdk.internal.reflect.DelegatingConstructorAccessorImpl.newInstance(DelegatingConstructorAccessorImpl.java:45)
	at java.base/java.lang.reflect.Constructor.newInstance(Constructor.java:490)
	at com.mysql.cj.exceptions.ExceptionFactory.createException(ExceptionFactory.java:61)
	at com.mysql.cj.exceptions.ExceptionFactory.createException(ExceptionFactory.java:105)
	at com.mysql.cj.exceptions.ExceptionFactory.createException(ExceptionFactory.java:151)
	at com.mysql.cj.exceptions.ExceptionFactory.createCommunicationsException(ExceptionFactory.java:167)
	at com.mysql.cj.protocol.a.NativeSocketConnection.connect(NativeSocketConnection.java:91)
	at com.mysql.cj.NativeSession.connect(NativeSession.java:144)
	at com.mysql.cj.jdbc.ConnectionImpl.connectOneTryOnly(ConnectionImpl.java:956)
	at com.mysql.cj.jdbc.ConnectionImpl.createNewIO(ConnectionImpl.java:826)
	... 36 common frames omitted
Caused by: java.net.ConnectException: Connection refused: connect
	at java.base/java.net.PlainSocketImpl.waitForConnect(Native Method)
	at java.base/java.net.PlainSocketImpl.socketConnect(PlainSocketImpl.java:107)
	at java.base/java.net.AbstractPlainSocketImpl.doConnect(AbstractPlainSocketImpl.java:399)
	at java.base/java.net.AbstractPlainSocketImpl.connectToAddress(AbstractPlainSocketImpl.java:242)
	at java.base/java.net.AbstractPlainSocketImpl.connect(AbstractPlainSocketImpl.java:224)
	at java.base/java.net.SocksSocketImpl.connect(SocksSocketImpl.java:403)
	at java.base/java.net.Socket.connect(Socket.java:608)
	at com.mysql.cj.protocol.StandardSocketFactory.connect(StandardSocketFactory.java:155)
	at com.mysql.cj.protocol.a.NativeSocketConnection.connect(NativeSocketConnection.java:65)
	... 39 common frames omitted
2021-06-23 22:17:43 WARN  [main] o.s.b.w.s.c.AnnotationConfigServletWebServerApplicationContext.refresh:559 - Exception encountered during context initialization - cancelling refresh attempt: org.springframework.beans.factory.BeanCreationException: Error creating bean with name 'flywayInitializer' defined in class path resource [org/springframework/boot/autoconfigure/flyway/FlywayAutoConfiguration$FlywayConfiguration.class]: Invocation of init method failed; nested exception is org.flywaydb.core.internal.exception.FlywaySqlException: 
Unable to obtain connection from database: Communications link failure

The last packet sent successfully to the server was 0 milliseconds ago. The driver has not received any packets from the server.
--------------------------------------------------------------------------------------------------------------------------------------------------------------------------------------------------------
SQL State  : 08S01
Error Code : 0
Message    : Communications link failure

The last packet sent successfully to the server was 0 milliseconds ago. The driver has not received any packets from the server.

2021-06-23 22:17:43 INFO  [main] o.a.catalina.core.StandardService.log:173 - Stopping service [Tomcat]
2021-06-23 22:17:43 INFO  [main] o.s.b.a.l.ConditionEvaluationReportLoggingListener.logMessage:136 - 

Error starting ApplicationContext. To display the conditions report re-run your application with 'debug' enabled.
2021-06-23 22:17:43 ERROR [main] o.s.boot.SpringApplication.reportFailure:837 - Application run failed
org.springframework.beans.factory.BeanCreationException: Error creating bean with name 'flywayInitializer' defined in class path resource [org/springframework/boot/autoconfigure/flyway/FlywayAutoConfiguration$FlywayConfiguration.class]: Invocation of init method failed; nested exception is org.flywaydb.core.internal.exception.FlywaySqlException: 
Unable to obtain connection from database: Communications link failure

The last packet sent successfully to the server was 0 milliseconds ago. The driver has not received any packets from the server.
--------------------------------------------------------------------------------------------------------------------------------------------------------------------------------------------------------
SQL State  : 08S01
Error Code : 0
Message    : Communications link failure

The last packet sent successfully to the server was 0 milliseconds ago. The driver has not received any packets from the server.

	at org.springframework.beans.factory.support.AbstractAutowireCapableBeanFactory.initializeBean(AbstractAutowireCapableBeanFactory.java:1794)
	at org.springframework.beans.factory.support.AbstractAutowireCapableBeanFactory.doCreateBean(AbstractAutowireCapableBeanFactory.java:594)
	at org.springframework.beans.factory.support.AbstractAutowireCapableBeanFactory.createBean(AbstractAutowireCapableBeanFactory.java:516)
	at org.springframework.beans.factory.support.AbstractBeanFactory.lambda$doGetBean$0(AbstractBeanFactory.java:324)
	at org.springframework.beans.factory.support.DefaultSingletonBeanRegistry.getSingleton(DefaultSingletonBeanRegistry.java:226)
	at org.springframework.beans.factory.support.AbstractBeanFactory.doGetBean(AbstractBeanFactory.java:322)
	at org.springframework.beans.factory.support.AbstractBeanFactory.getBean(AbstractBeanFactory.java:202)
	at org.springframework.beans.factory.support.AbstractBeanFactory.doGetBean(AbstractBeanFactory.java:311)
	at org.springframework.beans.factory.support.AbstractBeanFactory.getBean(AbstractBeanFactory.java:202)
	at org.springframework.context.support.AbstractApplicationContext.getBean(AbstractApplicationContext.java:1109)
	at org.springframework.context.support.AbstractApplicationContext.finishBeanFactoryInitialization(AbstractApplicationContext.java:869)
	at org.springframework.context.support.AbstractApplicationContext.refresh(AbstractApplicationContext.java:551)
	at org.springframework.boot.web.servlet.context.ServletWebServerApplicationContext.refresh(ServletWebServerApplicationContext.java:143)
	at org.springframework.boot.SpringApplication.refresh(SpringApplication.java:758)
	at org.springframework.boot.SpringApplication.refresh(SpringApplication.java:750)
	at org.springframework.boot.SpringApplication.refreshContext(SpringApplication.java:397)
	at org.springframework.boot.SpringApplication.run(SpringApplication.java:315)
	at org.springframework.boot.SpringApplication.run(SpringApplication.java:1237)
	at org.springframework.boot.SpringApplication.run(SpringApplication.java:1226)
	at com.netcracker.kinopoisk.review.ReviewServiceApplication.main(ReviewServiceApplication.java:15)
Caused by: org.flywaydb.core.internal.exception.FlywaySqlException: 
Unable to obtain connection from database: Communications link failure

The last packet sent successfully to the server was 0 milliseconds ago. The driver has not received any packets from the server.
--------------------------------------------------------------------------------------------------------------------------------------------------------------------------------------------------------
SQL State  : 08S01
Error Code : 0
Message    : Communications link failure

The last packet sent successfully to the server was 0 milliseconds ago. The driver has not received any packets from the server.

	at org.flywaydb.core.internal.jdbc.JdbcUtils.openConnection(JdbcUtils.java:65)
	at org.flywaydb.core.internal.jdbc.JdbcConnectionFactory.<init>(JdbcConnectionFactory.java:80)
	at org.flywaydb.core.Flyway.execute(Flyway.java:456)
	at org.flywaydb.core.Flyway.migrate(Flyway.java:159)
	at org.springframework.boot.autoconfigure.flyway.FlywayMigrationInitializer.afterPropertiesSet(FlywayMigrationInitializer.java:65)
	at org.springframework.beans.factory.support.AbstractAutowireCapableBeanFactory.invokeInitMethods(AbstractAutowireCapableBeanFactory.java:1853)
	at org.springframework.beans.factory.support.AbstractAutowireCapableBeanFactory.initializeBean(AbstractAutowireCapableBeanFactory.java:1790)
	... 19 common frames omitted
Caused by: com.mysql.cj.jdbc.exceptions.CommunicationsException: Communications link failure

The last packet sent successfully to the server was 0 milliseconds ago. The driver has not received any packets from the server.
	at com.mysql.cj.jdbc.exceptions.SQLError.createCommunicationsException(SQLError.java:174)
	at com.mysql.cj.jdbc.exceptions.SQLExceptionsMapping.translateException(SQLExceptionsMapping.java:64)
	at com.mysql.cj.jdbc.ConnectionImpl.createNewIO(ConnectionImpl.java:836)
	at com.mysql.cj.jdbc.ConnectionImpl.<init>(ConnectionImpl.java:456)
	at com.mysql.cj.jdbc.ConnectionImpl.getInstance(ConnectionImpl.java:246)
	at com.mysql.cj.jdbc.NonRegisteringDriver.connect(NonRegisteringDriver.java:197)
	at com.zaxxer.hikari.util.DriverDataSource.getConnection(DriverDataSource.java:138)
	at com.zaxxer.hikari.pool.PoolBase.newConnection(PoolBase.java:358)
	at com.zaxxer.hikari.pool.PoolBase.newPoolEntry(PoolBase.java:206)
	at com.zaxxer.hikari.pool.HikariPool.createPoolEntry(HikariPool.java:477)
	at com.zaxxer.hikari.pool.HikariPool.checkFailFast(HikariPool.java:560)
	at com.zaxxer.hikari.pool.HikariPool.<init>(HikariPool.java:115)
	at com.zaxxer.hikari.HikariDataSource.getConnection(HikariDataSource.java:112)
	at org.flywaydb.core.internal.jdbc.JdbcUtils.openConnection(JdbcUtils.java:56)
	... 25 common frames omitted
Caused by: com.mysql.cj.exceptions.CJCommunicationsException: Communications link failure

The last packet sent successfully to the server was 0 milliseconds ago. The driver has not received any packets from the server.
	at java.base/jdk.internal.reflect.NativeConstructorAccessorImpl.newInstance0(Native Method)
	at java.base/jdk.internal.reflect.NativeConstructorAccessorImpl.newInstance(NativeConstructorAccessorImpl.java:62)
	at java.base/jdk.internal.reflect.DelegatingConstructorAccessorImpl.newInstance(DelegatingConstructorAccessorImpl.java:45)
	at java.base/java.lang.reflect.Constructor.newInstance(Constructor.java:490)
	at com.mysql.cj.exceptions.ExceptionFactory.createException(ExceptionFactory.java:61)
	at com.mysql.cj.exceptions.ExceptionFactory.createException(ExceptionFactory.java:105)
	at com.mysql.cj.exceptions.ExceptionFactory.createException(ExceptionFactory.java:151)
	at com.mysql.cj.exceptions.ExceptionFactory.createCommunicationsException(ExceptionFactory.java:167)
	at com.mysql.cj.protocol.a.NativeSocketConnection.connect(NativeSocketConnection.java:91)
	at com.mysql.cj.NativeSession.connect(NativeSession.java:144)
	at com.mysql.cj.jdbc.ConnectionImpl.connectOneTryOnly(ConnectionImpl.java:956)
	at com.mysql.cj.jdbc.ConnectionImpl.createNewIO(ConnectionImpl.java:826)
	... 36 common frames omitted
Caused by: java.net.ConnectException: Connection refused: connect
	at java.base/java.net.PlainSocketImpl.waitForConnect(Native Method)
	at java.base/java.net.PlainSocketImpl.socketConnect(PlainSocketImpl.java:107)
	at java.base/java.net.AbstractPlainSocketImpl.doConnect(AbstractPlainSocketImpl.java:399)
	at java.base/java.net.AbstractPlainSocketImpl.connectToAddress(AbstractPlainSocketImpl.java:242)
	at java.base/java.net.AbstractPlainSocketImpl.connect(AbstractPlainSocketImpl.java:224)
	at java.base/java.net.SocksSocketImpl.connect(SocksSocketImpl.java:403)
	at java.base/java.net.Socket.connect(Socket.java:608)
	at com.mysql.cj.protocol.StandardSocketFactory.connect(StandardSocketFactory.java:155)
	at com.mysql.cj.protocol.a.NativeSocketConnection.connect(NativeSocketConnection.java:65)
	... 39 common frames omitted
2021-06-23 22:18:03 INFO  [main] c.n.k.r.ReviewServiceApplication.logStarting:55 - Starting ReviewServiceApplication on LAPTOP-LPES598N with PID 12740 (C:\Users\Сережа\git\NetcrackerProject\review-service\review-service-application\target\classes started by Sergey in C:\Users\Сережа\git\NetcrackerProject\review-service\review-service-application)
2021-06-23 22:18:03 DEBUG [main] c.n.k.r.ReviewServiceApplication.logStarting:56 - Running with Spring Boot v2.3.3.RELEASE, Spring v5.2.8.RELEASE
2021-06-23 22:18:03 INFO  [main] c.n.k.r.ReviewServiceApplication.logStartupProfileInfo:655 - The following profiles are active: development
2021-06-23 22:18:05 INFO  [main] o.s.d.r.c.RepositoryConfigurationDelegate.registerRepositoriesIn:127 - Bootstrapping Spring Data JPA repositories in DEFERRED mode.
2021-06-23 22:18:05 INFO  [main] o.s.d.r.c.RepositoryConfigurationDelegate.registerRepositoriesIn:187 - Finished Spring Data repository scanning in 142ms. Found 6 JPA repository interfaces.
2021-06-23 22:18:06 INFO  [main] o.s.b.w.e.tomcat.TomcatWebServer.initialize:108 - Tomcat initialized with port(s): 8091 (http)
2021-06-23 22:18:06 INFO  [main] o.a.catalina.core.StandardService.log:173 - Starting service [Tomcat]
2021-06-23 22:18:06 INFO  [main] o.a.catalina.core.StandardEngine.log:173 - Starting Servlet engine: [Apache Tomcat/9.0.37]
2021-06-23 22:18:06 INFO  [main] o.a.c.c.C.[Tomcat].[localhost].[/].log:173 - Initializing Spring embedded WebApplicationContext
2021-06-23 22:18:06 INFO  [main] o.s.b.w.s.c.ServletWebServerApplicationContext.prepareWebApplicationContext:285 - Root WebApplicationContext: initialization completed in 2690 ms
2021-06-23 22:18:06 INFO  [main] o.f.c.i.license.VersionPrinter.info:49 - Flyway Community Edition 6.4.4 by Redgate
2021-06-23 22:18:06 INFO  [main] com.zaxxer.hikari.HikariDataSource.getConnection:110 - HikariPool-1 - Starting...
2021-06-23 22:18:12 ERROR [main] com.zaxxer.hikari.pool.HikariPool.throwPoolInitializationException:593 - HikariPool-1 - Exception during pool initialization.
com.mysql.cj.jdbc.exceptions.CommunicationsException: Communications link failure

The last packet sent successfully to the server was 0 milliseconds ago. The driver has not received any packets from the server.
	at com.mysql.cj.jdbc.exceptions.SQLError.createCommunicationsException(SQLError.java:174)
	at com.mysql.cj.jdbc.exceptions.SQLExceptionsMapping.translateException(SQLExceptionsMapping.java:64)
	at com.mysql.cj.jdbc.ConnectionImpl.createNewIO(ConnectionImpl.java:836)
	at com.mysql.cj.jdbc.ConnectionImpl.<init>(ConnectionImpl.java:456)
	at com.mysql.cj.jdbc.ConnectionImpl.getInstance(ConnectionImpl.java:246)
	at com.mysql.cj.jdbc.NonRegisteringDriver.connect(NonRegisteringDriver.java:197)
	at com.zaxxer.hikari.util.DriverDataSource.getConnection(DriverDataSource.java:138)
	at com.zaxxer.hikari.pool.PoolBase.newConnection(PoolBase.java:358)
	at com.zaxxer.hikari.pool.PoolBase.newPoolEntry(PoolBase.java:206)
	at com.zaxxer.hikari.pool.HikariPool.createPoolEntry(HikariPool.java:477)
	at com.zaxxer.hikari.pool.HikariPool.checkFailFast(HikariPool.java:560)
	at com.zaxxer.hikari.pool.HikariPool.<init>(HikariPool.java:115)
	at com.zaxxer.hikari.HikariDataSource.getConnection(HikariDataSource.java:112)
	at org.flywaydb.core.internal.jdbc.JdbcUtils.openConnection(JdbcUtils.java:56)
	at org.flywaydb.core.internal.jdbc.JdbcConnectionFactory.<init>(JdbcConnectionFactory.java:80)
	at org.flywaydb.core.Flyway.execute(Flyway.java:456)
	at org.flywaydb.core.Flyway.migrate(Flyway.java:159)
	at org.springframework.boot.autoconfigure.flyway.FlywayMigrationInitializer.afterPropertiesSet(FlywayMigrationInitializer.java:65)
	at org.springframework.beans.factory.support.AbstractAutowireCapableBeanFactory.invokeInitMethods(AbstractAutowireCapableBeanFactory.java:1853)
	at org.springframework.beans.factory.support.AbstractAutowireCapableBeanFactory.initializeBean(AbstractAutowireCapableBeanFactory.java:1790)
	at org.springframework.beans.factory.support.AbstractAutowireCapableBeanFactory.doCreateBean(AbstractAutowireCapableBeanFactory.java:594)
	at org.springframework.beans.factory.support.AbstractAutowireCapableBeanFactory.createBean(AbstractAutowireCapableBeanFactory.java:516)
	at org.springframework.beans.factory.support.AbstractBeanFactory.lambda$doGetBean$0(AbstractBeanFactory.java:324)
	at org.springframework.beans.factory.support.DefaultSingletonBeanRegistry.getSingleton(DefaultSingletonBeanRegistry.java:226)
	at org.springframework.beans.factory.support.AbstractBeanFactory.doGetBean(AbstractBeanFactory.java:322)
	at org.springframework.beans.factory.support.AbstractBeanFactory.getBean(AbstractBeanFactory.java:202)
	at org.springframework.beans.factory.support.AbstractBeanFactory.doGetBean(AbstractBeanFactory.java:311)
	at org.springframework.beans.factory.support.AbstractBeanFactory.getBean(AbstractBeanFactory.java:202)
	at org.springframework.context.support.AbstractApplicationContext.getBean(AbstractApplicationContext.java:1109)
	at org.springframework.context.support.AbstractApplicationContext.finishBeanFactoryInitialization(AbstractApplicationContext.java:869)
	at org.springframework.context.support.AbstractApplicationContext.refresh(AbstractApplicationContext.java:551)
	at org.springframework.boot.web.servlet.context.ServletWebServerApplicationContext.refresh(ServletWebServerApplicationContext.java:143)
	at org.springframework.boot.SpringApplication.refresh(SpringApplication.java:758)
	at org.springframework.boot.SpringApplication.refresh(SpringApplication.java:750)
	at org.springframework.boot.SpringApplication.refreshContext(SpringApplication.java:397)
	at org.springframework.boot.SpringApplication.run(SpringApplication.java:315)
	at org.springframework.boot.SpringApplication.run(SpringApplication.java:1237)
	at org.springframework.boot.SpringApplication.run(SpringApplication.java:1226)
	at com.netcracker.kinopoisk.review.ReviewServiceApplication.main(ReviewServiceApplication.java:15)
Caused by: com.mysql.cj.exceptions.CJCommunicationsException: Communications link failure

The last packet sent successfully to the server was 0 milliseconds ago. The driver has not received any packets from the server.
	at java.base/jdk.internal.reflect.NativeConstructorAccessorImpl.newInstance0(Native Method)
	at java.base/jdk.internal.reflect.NativeConstructorAccessorImpl.newInstance(NativeConstructorAccessorImpl.java:62)
	at java.base/jdk.internal.reflect.DelegatingConstructorAccessorImpl.newInstance(DelegatingConstructorAccessorImpl.java:45)
	at java.base/java.lang.reflect.Constructor.newInstance(Constructor.java:490)
	at com.mysql.cj.exceptions.ExceptionFactory.createException(ExceptionFactory.java:61)
	at com.mysql.cj.exceptions.ExceptionFactory.createException(ExceptionFactory.java:105)
	at com.mysql.cj.exceptions.ExceptionFactory.createException(ExceptionFactory.java:151)
	at com.mysql.cj.exceptions.ExceptionFactory.createCommunicationsException(ExceptionFactory.java:167)
	at com.mysql.cj.protocol.a.NativeSocketConnection.connect(NativeSocketConnection.java:91)
	at com.mysql.cj.NativeSession.connect(NativeSession.java:144)
	at com.mysql.cj.jdbc.ConnectionImpl.connectOneTryOnly(ConnectionImpl.java:956)
	at com.mysql.cj.jdbc.ConnectionImpl.createNewIO(ConnectionImpl.java:826)
	... 36 common frames omitted
Caused by: java.net.ConnectException: Connection refused: connect
	at java.base/java.net.PlainSocketImpl.waitForConnect(Native Method)
	at java.base/java.net.PlainSocketImpl.socketConnect(PlainSocketImpl.java:107)
	at java.base/java.net.AbstractPlainSocketImpl.doConnect(AbstractPlainSocketImpl.java:399)
	at java.base/java.net.AbstractPlainSocketImpl.connectToAddress(AbstractPlainSocketImpl.java:242)
	at java.base/java.net.AbstractPlainSocketImpl.connect(AbstractPlainSocketImpl.java:224)
	at java.base/java.net.SocksSocketImpl.connect(SocksSocketImpl.java:403)
	at java.base/java.net.Socket.connect(Socket.java:608)
	at com.mysql.cj.protocol.StandardSocketFactory.connect(StandardSocketFactory.java:155)
	at com.mysql.cj.protocol.a.NativeSocketConnection.connect(NativeSocketConnection.java:65)
	... 39 common frames omitted
2021-06-23 22:18:12 WARN  [main] o.s.b.w.s.c.AnnotationConfigServletWebServerApplicationContext.refresh:559 - Exception encountered during context initialization - cancelling refresh attempt: org.springframework.beans.factory.BeanCreationException: Error creating bean with name 'flywayInitializer' defined in class path resource [org/springframework/boot/autoconfigure/flyway/FlywayAutoConfiguration$FlywayConfiguration.class]: Invocation of init method failed; nested exception is org.flywaydb.core.internal.exception.FlywaySqlException: 
Unable to obtain connection from database: Communications link failure

The last packet sent successfully to the server was 0 milliseconds ago. The driver has not received any packets from the server.
--------------------------------------------------------------------------------------------------------------------------------------------------------------------------------------------------------
SQL State  : 08S01
Error Code : 0
Message    : Communications link failure

The last packet sent successfully to the server was 0 milliseconds ago. The driver has not received any packets from the server.

2021-06-23 22:18:12 INFO  [main] o.a.catalina.core.StandardService.log:173 - Stopping service [Tomcat]
2021-06-23 22:18:12 INFO  [main] o.s.b.a.l.ConditionEvaluationReportLoggingListener.logMessage:136 - 

Error starting ApplicationContext. To display the conditions report re-run your application with 'debug' enabled.
2021-06-23 22:18:12 ERROR [main] o.s.boot.SpringApplication.reportFailure:837 - Application run failed
org.springframework.beans.factory.BeanCreationException: Error creating bean with name 'flywayInitializer' defined in class path resource [org/springframework/boot/autoconfigure/flyway/FlywayAutoConfiguration$FlywayConfiguration.class]: Invocation of init method failed; nested exception is org.flywaydb.core.internal.exception.FlywaySqlException: 
Unable to obtain connection from database: Communications link failure

The last packet sent successfully to the server was 0 milliseconds ago. The driver has not received any packets from the server.
--------------------------------------------------------------------------------------------------------------------------------------------------------------------------------------------------------
SQL State  : 08S01
Error Code : 0
Message    : Communications link failure

The last packet sent successfully to the server was 0 milliseconds ago. The driver has not received any packets from the server.

	at org.springframework.beans.factory.support.AbstractAutowireCapableBeanFactory.initializeBean(AbstractAutowireCapableBeanFactory.java:1794)
	at org.springframework.beans.factory.support.AbstractAutowireCapableBeanFactory.doCreateBean(AbstractAutowireCapableBeanFactory.java:594)
	at org.springframework.beans.factory.support.AbstractAutowireCapableBeanFactory.createBean(AbstractAutowireCapableBeanFactory.java:516)
	at org.springframework.beans.factory.support.AbstractBeanFactory.lambda$doGetBean$0(AbstractBeanFactory.java:324)
	at org.springframework.beans.factory.support.DefaultSingletonBeanRegistry.getSingleton(DefaultSingletonBeanRegistry.java:226)
	at org.springframework.beans.factory.support.AbstractBeanFactory.doGetBean(AbstractBeanFactory.java:322)
	at org.springframework.beans.factory.support.AbstractBeanFactory.getBean(AbstractBeanFactory.java:202)
	at org.springframework.beans.factory.support.AbstractBeanFactory.doGetBean(AbstractBeanFactory.java:311)
	at org.springframework.beans.factory.support.AbstractBeanFactory.getBean(AbstractBeanFactory.java:202)
	at org.springframework.context.support.AbstractApplicationContext.getBean(AbstractApplicationContext.java:1109)
	at org.springframework.context.support.AbstractApplicationContext.finishBeanFactoryInitialization(AbstractApplicationContext.java:869)
	at org.springframework.context.support.AbstractApplicationContext.refresh(AbstractApplicationContext.java:551)
	at org.springframework.boot.web.servlet.context.ServletWebServerApplicationContext.refresh(ServletWebServerApplicationContext.java:143)
	at org.springframework.boot.SpringApplication.refresh(SpringApplication.java:758)
	at org.springframework.boot.SpringApplication.refresh(SpringApplication.java:750)
	at org.springframework.boot.SpringApplication.refreshContext(SpringApplication.java:397)
	at org.springframework.boot.SpringApplication.run(SpringApplication.java:315)
	at org.springframework.boot.SpringApplication.run(SpringApplication.java:1237)
	at org.springframework.boot.SpringApplication.run(SpringApplication.java:1226)
	at com.netcracker.kinopoisk.review.ReviewServiceApplication.main(ReviewServiceApplication.java:15)
Caused by: org.flywaydb.core.internal.exception.FlywaySqlException: 
Unable to obtain connection from database: Communications link failure

The last packet sent successfully to the server was 0 milliseconds ago. The driver has not received any packets from the server.
--------------------------------------------------------------------------------------------------------------------------------------------------------------------------------------------------------
SQL State  : 08S01
Error Code : 0
Message    : Communications link failure

The last packet sent successfully to the server was 0 milliseconds ago. The driver has not received any packets from the server.

	at org.flywaydb.core.internal.jdbc.JdbcUtils.openConnection(JdbcUtils.java:65)
	at org.flywaydb.core.internal.jdbc.JdbcConnectionFactory.<init>(JdbcConnectionFactory.java:80)
	at org.flywaydb.core.Flyway.execute(Flyway.java:456)
	at org.flywaydb.core.Flyway.migrate(Flyway.java:159)
	at org.springframework.boot.autoconfigure.flyway.FlywayMigrationInitializer.afterPropertiesSet(FlywayMigrationInitializer.java:65)
	at org.springframework.beans.factory.support.AbstractAutowireCapableBeanFactory.invokeInitMethods(AbstractAutowireCapableBeanFactory.java:1853)
	at org.springframework.beans.factory.support.AbstractAutowireCapableBeanFactory.initializeBean(AbstractAutowireCapableBeanFactory.java:1790)
	... 19 common frames omitted
Caused by: com.mysql.cj.jdbc.exceptions.CommunicationsException: Communications link failure

The last packet sent successfully to the server was 0 milliseconds ago. The driver has not received any packets from the server.
	at com.mysql.cj.jdbc.exceptions.SQLError.createCommunicationsException(SQLError.java:174)
	at com.mysql.cj.jdbc.exceptions.SQLExceptionsMapping.translateException(SQLExceptionsMapping.java:64)
	at com.mysql.cj.jdbc.ConnectionImpl.createNewIO(ConnectionImpl.java:836)
	at com.mysql.cj.jdbc.ConnectionImpl.<init>(ConnectionImpl.java:456)
	at com.mysql.cj.jdbc.ConnectionImpl.getInstance(ConnectionImpl.java:246)
	at com.mysql.cj.jdbc.NonRegisteringDriver.connect(NonRegisteringDriver.java:197)
	at com.zaxxer.hikari.util.DriverDataSource.getConnection(DriverDataSource.java:138)
	at com.zaxxer.hikari.pool.PoolBase.newConnection(PoolBase.java:358)
	at com.zaxxer.hikari.pool.PoolBase.newPoolEntry(PoolBase.java:206)
	at com.zaxxer.hikari.pool.HikariPool.createPoolEntry(HikariPool.java:477)
	at com.zaxxer.hikari.pool.HikariPool.checkFailFast(HikariPool.java:560)
	at com.zaxxer.hikari.pool.HikariPool.<init>(HikariPool.java:115)
	at com.zaxxer.hikari.HikariDataSource.getConnection(HikariDataSource.java:112)
	at org.flywaydb.core.internal.jdbc.JdbcUtils.openConnection(JdbcUtils.java:56)
	... 25 common frames omitted
Caused by: com.mysql.cj.exceptions.CJCommunicationsException: Communications link failure

The last packet sent successfully to the server was 0 milliseconds ago. The driver has not received any packets from the server.
	at java.base/jdk.internal.reflect.NativeConstructorAccessorImpl.newInstance0(Native Method)
	at java.base/jdk.internal.reflect.NativeConstructorAccessorImpl.newInstance(NativeConstructorAccessorImpl.java:62)
	at java.base/jdk.internal.reflect.DelegatingConstructorAccessorImpl.newInstance(DelegatingConstructorAccessorImpl.java:45)
	at java.base/java.lang.reflect.Constructor.newInstance(Constructor.java:490)
	at com.mysql.cj.exceptions.ExceptionFactory.createException(ExceptionFactory.java:61)
	at com.mysql.cj.exceptions.ExceptionFactory.createException(ExceptionFactory.java:105)
	at com.mysql.cj.exceptions.ExceptionFactory.createException(ExceptionFactory.java:151)
	at com.mysql.cj.exceptions.ExceptionFactory.createCommunicationsException(ExceptionFactory.java:167)
	at com.mysql.cj.protocol.a.NativeSocketConnection.connect(NativeSocketConnection.java:91)
	at com.mysql.cj.NativeSession.connect(NativeSession.java:144)
	at com.mysql.cj.jdbc.ConnectionImpl.connectOneTryOnly(ConnectionImpl.java:956)
	at com.mysql.cj.jdbc.ConnectionImpl.createNewIO(ConnectionImpl.java:826)
	... 36 common frames omitted
Caused by: java.net.ConnectException: Connection refused: connect
	at java.base/java.net.PlainSocketImpl.waitForConnect(Native Method)
	at java.base/java.net.PlainSocketImpl.socketConnect(PlainSocketImpl.java:107)
	at java.base/java.net.AbstractPlainSocketImpl.doConnect(AbstractPlainSocketImpl.java:399)
	at java.base/java.net.AbstractPlainSocketImpl.connectToAddress(AbstractPlainSocketImpl.java:242)
	at java.base/java.net.AbstractPlainSocketImpl.connect(AbstractPlainSocketImpl.java:224)
	at java.base/java.net.SocksSocketImpl.connect(SocksSocketImpl.java:403)
	at java.base/java.net.Socket.connect(Socket.java:608)
	at com.mysql.cj.protocol.StandardSocketFactory.connect(StandardSocketFactory.java:155)
	at com.mysql.cj.protocol.a.NativeSocketConnection.connect(NativeSocketConnection.java:65)
	... 39 common frames omitted
2021-06-23 22:22:41 INFO  [main] c.n.k.r.ReviewServiceApplication.logStarting:55 - Starting ReviewServiceApplication on LAPTOP-LPES598N with PID 16376 (C:\Users\Сережа\git\NetcrackerProject\review-service\review-service-application\target\classes started by Sergey in C:\Users\Сережа\git\NetcrackerProject\review-service\review-service-application)
2021-06-23 22:22:41 DEBUG [main] c.n.k.r.ReviewServiceApplication.logStarting:56 - Running with Spring Boot v2.3.3.RELEASE, Spring v5.2.8.RELEASE
2021-06-23 22:22:41 INFO  [main] c.n.k.r.ReviewServiceApplication.logStartupProfileInfo:655 - The following profiles are active: development
2021-06-23 22:22:43 INFO  [main] o.s.d.r.c.RepositoryConfigurationDelegate.registerRepositoriesIn:127 - Bootstrapping Spring Data JPA repositories in DEFERRED mode.
2021-06-23 22:22:43 INFO  [main] o.s.d.r.c.RepositoryConfigurationDelegate.registerRepositoriesIn:187 - Finished Spring Data repository scanning in 176ms. Found 6 JPA repository interfaces.
2021-06-23 22:22:44 INFO  [main] o.s.b.w.e.tomcat.TomcatWebServer.initialize:108 - Tomcat initialized with port(s): 8091 (http)
2021-06-23 22:22:44 INFO  [main] o.a.catalina.core.StandardService.log:173 - Starting service [Tomcat]
2021-06-23 22:22:44 INFO  [main] o.a.catalina.core.StandardEngine.log:173 - Starting Servlet engine: [Apache Tomcat/9.0.37]
2021-06-23 22:22:45 INFO  [main] o.a.c.c.C.[Tomcat].[localhost].[/].log:173 - Initializing Spring embedded WebApplicationContext
2021-06-23 22:22:45 INFO  [main] o.s.b.w.s.c.ServletWebServerApplicationContext.prepareWebApplicationContext:285 - Root WebApplicationContext: initialization completed in 3532 ms
2021-06-23 22:22:45 INFO  [main] o.f.c.i.license.VersionPrinter.info:49 - Flyway Community Edition 6.4.4 by Redgate
2021-06-23 22:22:45 INFO  [main] com.zaxxer.hikari.HikariDataSource.getConnection:110 - HikariPool-1 - Starting...
2021-06-23 22:22:46 INFO  [main] com.zaxxer.hikari.HikariDataSource.getConnection:123 - HikariPool-1 - Start completed.
2021-06-23 22:22:46 INFO  [main] o.f.c.i.database.DatabaseFactory.info:49 - Database: jdbc:mysql://localhost:4306/review (MySQL 8.0)
2021-06-23 22:22:47 INFO  [main] o.f.core.internal.command.DbValidate.info:49 - Successfully validated 3 migrations (execution time 00:00.096s)
2021-06-23 22:22:47 INFO  [main] o.f.core.internal.command.DbMigrate.info:49 - Current version of schema `review`: 003
2021-06-23 22:22:47 INFO  [main] o.f.core.internal.command.DbMigrate.info:49 - Schema `review` is up to date. No migration necessary.
2021-06-23 22:22:47 INFO  [main] o.s.s.c.ThreadPoolTaskExecutor.initialize:181 - Initializing ExecutorService 'applicationTaskExecutor'
2021-06-23 22:22:47 INFO  [task-1] o.h.jpa.internal.util.LogHelper.logPersistenceUnitInformation:31 - HHH000204: Processing PersistenceUnitInfo [name: default]
2021-06-23 22:22:47 INFO  [task-1] org.hibernate.Version.logVersion:44 - HHH000412: Hibernate ORM core version 5.4.20.Final
2021-06-23 22:22:47 WARN  [main] o.s.b.a.o.j.JpaBaseConfiguration$JpaWebConfiguration.openEntityManagerInViewInterceptor:220 - spring.jpa.open-in-view is enabled by default. Therefore, database queries may be performed during view rendering. Explicitly configure spring.jpa.open-in-view to disable this warning
2021-06-23 22:22:47 INFO  [task-1] o.h.annotations.common.Version.<clinit>:49 - HCANN000001: Hibernate Commons Annotations {5.1.0.Final}
2021-06-23 22:22:48 INFO  [task-1] org.hibernate.dialect.Dialect.<init>:170 - HHH000400: Using dialect: org.hibernate.dialect.MySQL8Dialect
2021-06-23 22:22:48 INFO  [main] o.s.b.a.e.web.EndpointLinksResolver.<init>:58 - Exposing 1 endpoint(s) beneath base path '/actuator'
2021-06-23 22:22:48 INFO  [main] o.s.b.a.w.s.WelcomePageHandlerMapping.<init>:54 - Adding welcome page: class path resource [static/index.html]
2021-06-23 22:22:49 INFO  [task-1] o.h.e.t.j.p.i.JtaPlatformInitiator.initiateService:52 - HHH000490: Using JtaPlatform implementation: [org.hibernate.engine.transaction.jta.platform.internal.NoJtaPlatform]
2021-06-23 22:22:49 INFO  [task-1] o.s.o.j.LocalContainerEntityManagerFactoryBean.buildNativeEntityManagerFactory:416 - Initialized JPA EntityManagerFactory for persistence unit 'default'
2021-06-23 22:22:49 INFO  [main] o.s.s.web.DefaultSecurityFilterChain.<init>:43 - Creating filter chain: any request, [org.springframework.security.web.context.request.async.WebAsyncManagerIntegrationFilter@2184962c, org.springframework.security.web.context.SecurityContextPersistenceFilter@5b31a9e3, org.springframework.security.web.header.HeaderWriterFilter@7dfab58d, org.springframework.security.web.authentication.logout.LogoutFilter@779ef5cb, com.netcracker.kinopoisk.review.impl.security.JwtTokenFilter@4d9bccfe, org.springframework.security.web.savedrequest.RequestCacheAwareFilter@3b590f6a, org.springframework.security.web.servletapi.SecurityContextHolderAwareRequestFilter@12811f95, org.springframework.security.web.authentication.AnonymousAuthenticationFilter@412440c1, org.springframework.security.web.session.SessionManagementFilter@1a7437d8, org.springframework.security.web.access.ExceptionTranslationFilter@2d114d27, org.springframework.security.web.access.intercept.FilterSecurityInterceptor@4b74a67a]
2021-06-23 22:22:49 INFO  [RMI TCP Connection(1)-127.0.0.1] o.a.c.c.C.[Tomcat].[localhost].[/].log:173 - Initializing Spring DispatcherServlet 'dispatcherServlet'
2021-06-23 22:22:49 INFO  [RMI TCP Connection(1)-127.0.0.1] o.s.web.servlet.DispatcherServlet.initServletBean:525 - Initializing Servlet 'dispatcherServlet'
2021-06-23 22:22:49 INFO  [RMI TCP Connection(1)-127.0.0.1] o.s.web.servlet.DispatcherServlet.initServletBean:547 - Completed initialization in 40 ms
2021-06-23 22:22:49 INFO  [main] o.s.b.w.e.tomcat.TomcatWebServer.start:220 - Tomcat started on port(s): 8091 (http) with context path ''
2021-06-23 22:22:50 INFO  [main] o.s.d.r.c.DeferredRepositoryInitializationListener.onApplicationEvent:49 - Triggering deferred initialization of Spring Data repositories…
2021-06-23 22:22:51 INFO  [main] o.s.d.r.c.DeferredRepositoryInitializationListener.onApplicationEvent:53 - Spring Data repositories initialized!
2021-06-23 22:22:51 INFO  [main] c.n.k.r.ReviewServiceApplication.logStarted:61 - Started ReviewServiceApplication in 10.657 seconds (JVM running for 12.132)
2021-06-23 22:23:55 INFO  [RMI TCP Connection(7)-127.0.0.1] o.s.b.a.SpringApplicationAdminMXBeanRegistrar$SpringApplicationAdmin.shutdown:159 - Application shutdown requested.
2021-06-23 22:23:56 INFO  [RMI TCP Connection(7)-127.0.0.1] o.s.o.j.LocalContainerEntityManagerFactoryBean.destroy:598 - Closing JPA EntityManagerFactory for persistence unit 'default'
2021-06-23 22:23:56 INFO  [RMI TCP Connection(7)-127.0.0.1] o.s.s.c.ThreadPoolTaskExecutor.shutdown:218 - Shutting down ExecutorService 'applicationTaskExecutor'
2021-06-23 22:23:56 INFO  [RMI TCP Connection(7)-127.0.0.1] com.zaxxer.hikari.HikariDataSource.close:350 - HikariPool-1 - Shutdown initiated...
2021-06-23 22:23:56 INFO  [RMI TCP Connection(7)-127.0.0.1] com.zaxxer.hikari.HikariDataSource.close:352 - HikariPool-1 - Shutdown completed.
2021-06-23 22:24:59 INFO  [main] c.n.k.r.ReviewServiceApplication.logStarting:55 - Starting ReviewServiceApplication on LAPTOP-LPES598N with PID 5652 (C:\Users\Сережа\git\NetcrackerProject\review-service\review-service-application\target\classes started by Sergey in C:\Users\Сережа\git\NetcrackerProject\review-service\review-service-application)
2021-06-23 22:24:59 DEBUG [main] c.n.k.r.ReviewServiceApplication.logStarting:56 - Running with Spring Boot v2.3.3.RELEASE, Spring v5.2.8.RELEASE
2021-06-23 22:24:59 INFO  [main] c.n.k.r.ReviewServiceApplication.logStartupProfileInfo:655 - The following profiles are active: development
2021-06-23 22:25:01 INFO  [main] o.s.d.r.c.RepositoryConfigurationDelegate.registerRepositoriesIn:127 - Bootstrapping Spring Data JPA repositories in DEFERRED mode.
2021-06-23 22:25:01 INFO  [main] o.s.d.r.c.RepositoryConfigurationDelegate.registerRepositoriesIn:187 - Finished Spring Data repository scanning in 123ms. Found 6 JPA repository interfaces.
2021-06-23 22:25:02 INFO  [main] o.s.b.w.e.tomcat.TomcatWebServer.initialize:108 - Tomcat initialized with port(s): 8091 (http)
2021-06-23 22:25:02 INFO  [main] o.a.catalina.core.StandardService.log:173 - Starting service [Tomcat]
2021-06-23 22:25:02 INFO  [main] o.a.catalina.core.StandardEngine.log:173 - Starting Servlet engine: [Apache Tomcat/9.0.37]
2021-06-23 22:25:02 INFO  [main] o.a.c.c.C.[Tomcat].[localhost].[/].log:173 - Initializing Spring embedded WebApplicationContext
2021-06-23 22:25:02 INFO  [main] o.s.b.w.s.c.ServletWebServerApplicationContext.prepareWebApplicationContext:285 - Root WebApplicationContext: initialization completed in 2769 ms
2021-06-23 22:25:02 INFO  [main] o.f.c.i.license.VersionPrinter.info:49 - Flyway Community Edition 6.4.4 by Redgate
2021-06-23 22:25:02 INFO  [main] com.zaxxer.hikari.HikariDataSource.getConnection:110 - HikariPool-1 - Starting...
2021-06-23 22:25:03 INFO  [main] com.zaxxer.hikari.HikariDataSource.getConnection:123 - HikariPool-1 - Start completed.
2021-06-23 22:25:03 INFO  [main] o.f.c.i.database.DatabaseFactory.info:49 - Database: jdbc:mysql://localhost:4306/review (MySQL 8.0)
2021-06-23 22:25:03 INFO  [main] o.f.core.internal.command.DbValidate.info:49 - Successfully validated 3 migrations (execution time 00:00.051s)
2021-06-23 22:25:03 INFO  [main] o.f.core.internal.command.DbMigrate.info:49 - Current version of schema `review`: 003
2021-06-23 22:25:03 INFO  [main] o.f.core.internal.command.DbMigrate.info:49 - Schema `review` is up to date. No migration necessary.
2021-06-23 22:25:03 INFO  [main] o.s.s.c.ThreadPoolTaskExecutor.initialize:181 - Initializing ExecutorService 'applicationTaskExecutor'
2021-06-23 22:25:04 INFO  [task-1] o.h.jpa.internal.util.LogHelper.logPersistenceUnitInformation:31 - HHH000204: Processing PersistenceUnitInfo [name: default]
2021-06-23 22:25:04 WARN  [main] o.s.b.w.s.c.AnnotationConfigServletWebServerApplicationContext.refresh:559 - Exception encountered during context initialization - cancelling refresh attempt: org.springframework.beans.factory.UnsatisfiedDependencyException: Error creating bean with name 'securityConfig' defined in file [C:\Users\Сережа\git\NetcrackerProject\review-service\review-service-application\target\classes\com\netcracker\kinopoisk\review\config\SecurityConfig.class]: Unsatisfied dependency expressed through constructor parameter 0; nested exception is org.springframework.beans.factory.UnsatisfiedDependencyException: Error creating bean with name 'jwtTokenProvider': Unsatisfied dependency expressed through field 'userDetailsService'; nested exception is org.springframework.beans.factory.UnsatisfiedDependencyException: Error creating bean with name 'jwtUserDetailsService' defined in file [C:\Users\Сережа\git\NetcrackerProject\review-service\review-service-impl\target\classes\com\netcracker\kinopoisk\review\impl\security\JwtUserDetailsService.class]: Unsatisfied dependency expressed through constructor parameter 0; nested exception is org.springframework.beans.factory.UnsatisfiedDependencyException: Error creating bean with name 'reviewUserServiceImpl': Unsatisfied dependency expressed through field 'userMapper'; nested exception is org.springframework.beans.factory.NoSuchBeanDefinitionException: No qualifying bean of type 'com.netcracker.kinopoisk.review.impl.service.UserMapper' available: expected at least 1 bean which qualifies as autowire candidate. Dependency annotations: {@org.springframework.beans.factory.annotation.Autowired(required=true)}
2021-06-23 22:25:04 INFO  [main] o.s.o.j.LocalContainerEntityManagerFactoryBean.destroy:598 - Closing JPA EntityManagerFactory for persistence unit 'default'
2021-06-23 22:25:04 INFO  [task-1] org.hibernate.Version.logVersion:44 - HHH000412: Hibernate ORM core version 5.4.20.Final
2021-06-23 22:25:04 INFO  [task-1] o.h.annotations.common.Version.<clinit>:49 - HCANN000001: Hibernate Commons Annotations {5.1.0.Final}
2021-06-23 22:25:04 INFO  [task-1] org.hibernate.dialect.Dialect.<init>:170 - HHH000400: Using dialect: org.hibernate.dialect.MySQL8Dialect
2021-06-23 22:25:05 INFO  [task-1] o.h.e.t.j.p.i.JtaPlatformInitiator.initiateService:52 - HHH000490: Using JtaPlatform implementation: [org.hibernate.engine.transaction.jta.platform.internal.NoJtaPlatform]
2021-06-23 22:25:05 INFO  [task-1] o.s.o.j.LocalContainerEntityManagerFactoryBean.buildNativeEntityManagerFactory:416 - Initialized JPA EntityManagerFactory for persistence unit 'default'
2021-06-23 22:25:05 INFO  [main] o.s.s.c.ThreadPoolTaskExecutor.shutdown:218 - Shutting down ExecutorService 'applicationTaskExecutor'
2021-06-23 22:25:05 INFO  [main] com.zaxxer.hikari.HikariDataSource.close:350 - HikariPool-1 - Shutdown initiated...
2021-06-23 22:25:05 INFO  [main] com.zaxxer.hikari.HikariDataSource.close:352 - HikariPool-1 - Shutdown completed.
2021-06-23 22:25:05 INFO  [main] o.a.catalina.core.StandardService.log:173 - Stopping service [Tomcat]
2021-06-23 22:25:05 INFO  [main] o.s.b.a.l.ConditionEvaluationReportLoggingListener.logMessage:136 - 

Error starting ApplicationContext. To display the conditions report re-run your application with 'debug' enabled.
2021-06-23 22:25:06 ERROR [main] o.s.b.d.LoggingFailureAnalysisReporter.report:40 - 

***************************
APPLICATION FAILED TO START
***************************

Description:

Field userMapper in com.netcracker.kinopoisk.review.impl.service.ReviewUserServiceImpl required a bean of type 'com.netcracker.kinopoisk.review.impl.service.UserMapper' that could not be found.


Action:

Consider defining a bean of type 'com.netcracker.kinopoisk.review.impl.service.UserMapper' in your configuration.

2021-06-23 22:26:50 INFO  [main] c.n.k.r.ReviewServiceApplication.logStarting:55 - Starting ReviewServiceApplication on LAPTOP-LPES598N with PID 15500 (C:\Users\Сережа\git\NetcrackerProject\review-service\review-service-application\target\classes started by Sergey in C:\Users\Сережа\git\NetcrackerProject\review-service\review-service-application)
2021-06-23 22:26:50 DEBUG [main] c.n.k.r.ReviewServiceApplication.logStarting:56 - Running with Spring Boot v2.3.3.RELEASE, Spring v5.2.8.RELEASE
2021-06-23 22:26:50 INFO  [main] c.n.k.r.ReviewServiceApplication.logStartupProfileInfo:655 - The following profiles are active: development
2021-06-23 22:26:52 INFO  [main] o.s.d.r.c.RepositoryConfigurationDelegate.registerRepositoriesIn:127 - Bootstrapping Spring Data JPA repositories in DEFERRED mode.
2021-06-23 22:26:52 INFO  [main] o.s.d.r.c.RepositoryConfigurationDelegate.registerRepositoriesIn:187 - Finished Spring Data repository scanning in 174ms. Found 6 JPA repository interfaces.
2021-06-23 22:26:53 INFO  [main] o.s.b.w.e.tomcat.TomcatWebServer.initialize:108 - Tomcat initialized with port(s): 8091 (http)
2021-06-23 22:26:53 INFO  [main] o.a.catalina.core.StandardService.log:173 - Starting service [Tomcat]
2021-06-23 22:26:53 INFO  [main] o.a.catalina.core.StandardEngine.log:173 - Starting Servlet engine: [Apache Tomcat/9.0.37]
2021-06-23 22:26:53 INFO  [main] o.a.c.c.C.[Tomcat].[localhost].[/].log:173 - Initializing Spring embedded WebApplicationContext
2021-06-23 22:26:53 INFO  [main] o.s.b.w.s.c.ServletWebServerApplicationContext.prepareWebApplicationContext:285 - Root WebApplicationContext: initialization completed in 2816 ms
2021-06-23 22:26:54 INFO  [main] o.f.c.i.license.VersionPrinter.info:49 - Flyway Community Edition 6.4.4 by Redgate
2021-06-23 22:26:54 INFO  [main] com.zaxxer.hikari.HikariDataSource.getConnection:110 - HikariPool-1 - Starting...
2021-06-23 22:26:54 INFO  [main] com.zaxxer.hikari.HikariDataSource.getConnection:123 - HikariPool-1 - Start completed.
2021-06-23 22:26:54 INFO  [main] o.f.c.i.database.DatabaseFactory.info:49 - Database: jdbc:mysql://localhost:4306/review (MySQL 8.0)
2021-06-23 22:26:54 INFO  [main] o.f.core.internal.command.DbValidate.info:49 - Successfully validated 3 migrations (execution time 00:00.054s)
2021-06-23 22:26:54 INFO  [main] o.f.core.internal.command.DbMigrate.info:49 - Current version of schema `review`: 003
2021-06-23 22:26:54 INFO  [main] o.f.core.internal.command.DbMigrate.info:49 - Schema `review` is up to date. No migration necessary.
2021-06-23 22:26:54 INFO  [main] o.s.s.c.ThreadPoolTaskExecutor.initialize:181 - Initializing ExecutorService 'applicationTaskExecutor'
2021-06-23 22:26:55 INFO  [task-1] o.h.jpa.internal.util.LogHelper.logPersistenceUnitInformation:31 - HHH000204: Processing PersistenceUnitInfo [name: default]
2021-06-23 22:26:55 WARN  [main] o.s.b.a.o.j.JpaBaseConfiguration$JpaWebConfiguration.openEntityManagerInViewInterceptor:220 - spring.jpa.open-in-view is enabled by default. Therefore, database queries may be performed during view rendering. Explicitly configure spring.jpa.open-in-view to disable this warning
2021-06-23 22:26:55 INFO  [task-1] org.hibernate.Version.logVersion:44 - HHH000412: Hibernate ORM core version 5.4.20.Final
2021-06-23 22:26:55 INFO  [task-1] o.h.annotations.common.Version.<clinit>:49 - HCANN000001: Hibernate Commons Annotations {5.1.0.Final}
2021-06-23 22:26:55 INFO  [task-1] org.hibernate.dialect.Dialect.<init>:170 - HHH000400: Using dialect: org.hibernate.dialect.MySQL8Dialect
2021-06-23 22:26:55 INFO  [main] o.s.b.a.e.web.EndpointLinksResolver.<init>:58 - Exposing 1 endpoint(s) beneath base path '/actuator'
2021-06-23 22:26:56 INFO  [main] o.s.b.a.w.s.WelcomePageHandlerMapping.<init>:54 - Adding welcome page: class path resource [static/index.html]
2021-06-23 22:26:56 INFO  [task-1] o.h.e.t.j.p.i.JtaPlatformInitiator.initiateService:52 - HHH000490: Using JtaPlatform implementation: [org.hibernate.engine.transaction.jta.platform.internal.NoJtaPlatform]
2021-06-23 22:26:56 INFO  [task-1] o.s.o.j.LocalContainerEntityManagerFactoryBean.buildNativeEntityManagerFactory:416 - Initialized JPA EntityManagerFactory for persistence unit 'default'
2021-06-23 22:26:56 INFO  [main] o.s.s.web.DefaultSecurityFilterChain.<init>:43 - Creating filter chain: any request, [org.springframework.security.web.context.request.async.WebAsyncManagerIntegrationFilter@351d726c, org.springframework.security.web.context.SecurityContextPersistenceFilter@6e5b3642, org.springframework.security.web.header.HeaderWriterFilter@6f695077, org.springframework.security.web.authentication.logout.LogoutFilter@608c2042, com.netcracker.kinopoisk.review.impl.security.JwtTokenFilter@7af0693b, org.springframework.security.web.savedrequest.RequestCacheAwareFilter@a11efe6, org.springframework.security.web.servletapi.SecurityContextHolderAwareRequestFilter@6686507b, org.springframework.security.web.authentication.AnonymousAuthenticationFilter@1791396b, org.springframework.security.web.session.SessionManagementFilter@68f1b89, org.springframework.security.web.access.ExceptionTranslationFilter@48126a17, org.springframework.security.web.access.intercept.FilterSecurityInterceptor@4d9bccfe]
2021-06-23 22:26:57 INFO  [main] o.s.b.w.e.tomcat.TomcatWebServer.start:220 - Tomcat started on port(s): 8091 (http) with context path ''
2021-06-23 22:26:57 INFO  [main] o.s.d.r.c.DeferredRepositoryInitializationListener.onApplicationEvent:49 - Triggering deferred initialization of Spring Data repositories…
2021-06-23 22:26:58 INFO  [main] o.s.d.r.c.DeferredRepositoryInitializationListener.onApplicationEvent:53 - Spring Data repositories initialized!
2021-06-23 22:26:58 INFO  [main] c.n.k.r.ReviewServiceApplication.logStarted:61 - Started ReviewServiceApplication in 8.017 seconds (JVM running for 9.484)
2021-06-23 22:26:58 INFO  [RMI TCP Connection(3)-127.0.0.1] o.a.c.c.C.[Tomcat].[localhost].[/].log:173 - Initializing Spring DispatcherServlet 'dispatcherServlet'
2021-06-23 22:26:58 INFO  [RMI TCP Connection(3)-127.0.0.1] o.s.web.servlet.DispatcherServlet.initServletBean:525 - Initializing Servlet 'dispatcherServlet'
2021-06-23 22:26:58 INFO  [RMI TCP Connection(3)-127.0.0.1] o.s.web.servlet.DispatcherServlet.initServletBean:547 - Completed initialization in 11 ms
2021-06-23 22:27:20 ERROR [http-nio-0.0.0.0-8091-exec-3] o.a.c.c.C.[.[.[.[dispatcherServlet].log:175 - Servlet.service() for servlet [dispatcherServlet] in context with path [] threw exception
com.netcracker.kinopoisk.review.impl.security.JwtAuthenticationException: JWT token is expired or invalid
	at com.netcracker.kinopoisk.review.impl.security.JwtTokenProvider.validateToken(JwtTokenProvider.java:90)
	at com.netcracker.kinopoisk.review.impl.security.JwtTokenFilter.doFilter(JwtTokenFilter.java:27)
	at org.springframework.security.web.FilterChainProxy$VirtualFilterChain.doFilter(FilterChainProxy.java:334)
	at org.springframework.security.web.authentication.logout.LogoutFilter.doFilter(LogoutFilter.java:116)
	at org.springframework.security.web.FilterChainProxy$VirtualFilterChain.doFilter(FilterChainProxy.java:334)
	at org.springframework.security.web.header.HeaderWriterFilter.doHeadersAfter(HeaderWriterFilter.java:92)
	at org.springframework.security.web.header.HeaderWriterFilter.doFilterInternal(HeaderWriterFilter.java:77)
	at org.springframework.web.filter.OncePerRequestFilter.doFilter(OncePerRequestFilter.java:119)
	at org.springframework.security.web.FilterChainProxy$VirtualFilterChain.doFilter(FilterChainProxy.java:334)
	at org.springframework.security.web.context.SecurityContextPersistenceFilter.doFilter(SecurityContextPersistenceFilter.java:105)
	at org.springframework.security.web.FilterChainProxy$VirtualFilterChain.doFilter(FilterChainProxy.java:334)
	at org.springframework.security.web.context.request.async.WebAsyncManagerIntegrationFilter.doFilterInternal(WebAsyncManagerIntegrationFilter.java:56)
	at org.springframework.web.filter.OncePerRequestFilter.doFilter(OncePerRequestFilter.java:119)
	at org.springframework.security.web.FilterChainProxy$VirtualFilterChain.doFilter(FilterChainProxy.java:334)
	at org.springframework.security.web.FilterChainProxy.doFilterInternal(FilterChainProxy.java:215)
	at org.springframework.security.web.FilterChainProxy.doFilter(FilterChainProxy.java:178)
	at org.springframework.web.filter.DelegatingFilterProxy.invokeDelegate(DelegatingFilterProxy.java:358)
	at org.springframework.web.filter.DelegatingFilterProxy.doFilter(DelegatingFilterProxy.java:271)
	at org.apache.catalina.core.ApplicationFilterChain.internalDoFilter(ApplicationFilterChain.java:193)
	at org.apache.catalina.core.ApplicationFilterChain.doFilter(ApplicationFilterChain.java:166)
	at org.springframework.web.filter.RequestContextFilter.doFilterInternal(RequestContextFilter.java:100)
	at org.springframework.web.filter.OncePerRequestFilter.doFilter(OncePerRequestFilter.java:119)
	at org.apache.catalina.core.ApplicationFilterChain.internalDoFilter(ApplicationFilterChain.java:193)
	at org.apache.catalina.core.ApplicationFilterChain.doFilter(ApplicationFilterChain.java:166)
	at org.springframework.web.filter.FormContentFilter.doFilterInternal(FormContentFilter.java:93)
	at org.springframework.web.filter.OncePerRequestFilter.doFilter(OncePerRequestFilter.java:119)
	at org.apache.catalina.core.ApplicationFilterChain.internalDoFilter(ApplicationFilterChain.java:193)
	at org.apache.catalina.core.ApplicationFilterChain.doFilter(ApplicationFilterChain.java:166)
	at org.springframework.boot.actuate.metrics.web.servlet.WebMvcMetricsFilter.doFilterInternal(WebMvcMetricsFilter.java:93)
	at org.springframework.web.filter.OncePerRequestFilter.doFilter(OncePerRequestFilter.java:119)
	at org.apache.catalina.core.ApplicationFilterChain.internalDoFilter(ApplicationFilterChain.java:193)
	at org.apache.catalina.core.ApplicationFilterChain.doFilter(ApplicationFilterChain.java:166)
	at org.springframework.web.filter.CharacterEncodingFilter.doFilterInternal(CharacterEncodingFilter.java:201)
	at org.springframework.web.filter.OncePerRequestFilter.doFilter(OncePerRequestFilter.java:119)
	at org.apache.catalina.core.ApplicationFilterChain.internalDoFilter(ApplicationFilterChain.java:193)
	at org.apache.catalina.core.ApplicationFilterChain.doFilter(ApplicationFilterChain.java:166)
	at org.apache.catalina.core.StandardWrapperValve.invoke(StandardWrapperValve.java:202)
	at org.apache.catalina.core.StandardContextValve.invoke(StandardContextValve.java:96)
	at org.apache.catalina.authenticator.AuthenticatorBase.invoke(AuthenticatorBase.java:541)
	at org.apache.catalina.core.StandardHostValve.invoke(StandardHostValve.java:139)
	at org.apache.catalina.valves.ErrorReportValve.invoke(ErrorReportValve.java:92)
	at org.apache.catalina.core.StandardEngineValve.invoke(StandardEngineValve.java:74)
	at org.apache.catalina.connector.CoyoteAdapter.service(CoyoteAdapter.java:343)
	at org.apache.coyote.http11.Http11Processor.service(Http11Processor.java:373)
	at org.apache.coyote.AbstractProcessorLight.process(AbstractProcessorLight.java:65)
	at org.apache.coyote.AbstractProtocol$ConnectionHandler.process(AbstractProtocol.java:868)
	at org.apache.tomcat.util.net.NioEndpoint$SocketProcessor.doRun(NioEndpoint.java:1589)
	at org.apache.tomcat.util.net.SocketProcessorBase.run(SocketProcessorBase.java:49)
	at java.base/java.util.concurrent.ThreadPoolExecutor.runWorker(ThreadPoolExecutor.java:1128)
	at java.base/java.util.concurrent.ThreadPoolExecutor$Worker.run(ThreadPoolExecutor.java:628)
	at org.apache.tomcat.util.threads.TaskThread$WrappingRunnable.run(TaskThread.java:61)
	at java.base/java.lang.Thread.run(Thread.java:834)
2021-06-23 22:27:20 ERROR [http-nio-0.0.0.0-8091-exec-3] o.a.c.c.C.[.[.[.[dispatcherServlet].log:175 - Servlet.service() for servlet [dispatcherServlet] threw exception
com.netcracker.kinopoisk.review.impl.security.JwtAuthenticationException: JWT token is expired or invalid
	at com.netcracker.kinopoisk.review.impl.security.JwtTokenProvider.validateToken(JwtTokenProvider.java:90)
	at com.netcracker.kinopoisk.review.impl.security.JwtTokenFilter.doFilter(JwtTokenFilter.java:27)
	at org.springframework.security.web.FilterChainProxy$VirtualFilterChain.doFilter(FilterChainProxy.java:334)
	at org.springframework.security.web.authentication.logout.LogoutFilter.doFilter(LogoutFilter.java:116)
	at org.springframework.security.web.FilterChainProxy$VirtualFilterChain.doFilter(FilterChainProxy.java:334)
	at org.springframework.web.filter.OncePerRequestFilter.doFilter(OncePerRequestFilter.java:103)
	at org.springframework.security.web.FilterChainProxy$VirtualFilterChain.doFilter(FilterChainProxy.java:334)
	at org.springframework.security.web.context.SecurityContextPersistenceFilter.doFilter(SecurityContextPersistenceFilter.java:105)
	at org.springframework.security.web.FilterChainProxy$VirtualFilterChain.doFilter(FilterChainProxy.java:334)
	at org.springframework.web.filter.OncePerRequestFilter.doFilter(OncePerRequestFilter.java:103)
	at org.springframework.security.web.FilterChainProxy$VirtualFilterChain.doFilter(FilterChainProxy.java:334)
	at org.springframework.security.web.FilterChainProxy.doFilterInternal(FilterChainProxy.java:215)
	at org.springframework.security.web.FilterChainProxy.doFilter(FilterChainProxy.java:178)
	at org.springframework.web.filter.DelegatingFilterProxy.invokeDelegate(DelegatingFilterProxy.java:358)
	at org.springframework.web.filter.DelegatingFilterProxy.doFilter(DelegatingFilterProxy.java:271)
	at org.apache.catalina.core.ApplicationFilterChain.internalDoFilter(ApplicationFilterChain.java:193)
	at org.apache.catalina.core.ApplicationFilterChain.doFilter(ApplicationFilterChain.java:166)
	at org.springframework.web.filter.RequestContextFilter.doFilterInternal(RequestContextFilter.java:100)
	at org.springframework.web.filter.OncePerRequestFilter.doFilter(OncePerRequestFilter.java:119)
	at org.apache.catalina.core.ApplicationFilterChain.internalDoFilter(ApplicationFilterChain.java:193)
	at org.apache.catalina.core.ApplicationFilterChain.doFilter(ApplicationFilterChain.java:166)
	at org.springframework.web.filter.OncePerRequestFilter.doFilter(OncePerRequestFilter.java:103)
	at org.apache.catalina.core.ApplicationFilterChain.internalDoFilter(ApplicationFilterChain.java:193)
	at org.apache.catalina.core.ApplicationFilterChain.doFilter(ApplicationFilterChain.java:166)
	at org.springframework.web.filter.OncePerRequestFilter.doFilter(OncePerRequestFilter.java:103)
	at org.apache.catalina.core.ApplicationFilterChain.internalDoFilter(ApplicationFilterChain.java:193)
	at org.apache.catalina.core.ApplicationFilterChain.doFilter(ApplicationFilterChain.java:166)
	at org.apache.catalina.core.ApplicationDispatcher.invoke(ApplicationDispatcher.java:712)
	at org.apache.catalina.core.ApplicationDispatcher.processRequest(ApplicationDispatcher.java:461)
	at org.apache.catalina.core.ApplicationDispatcher.doForward(ApplicationDispatcher.java:384)
	at org.apache.catalina.core.ApplicationDispatcher.forward(ApplicationDispatcher.java:312)
	at org.apache.catalina.core.StandardHostValve.custom(StandardHostValve.java:394)
	at org.apache.catalina.core.StandardHostValve.status(StandardHostValve.java:253)
	at org.apache.catalina.core.StandardHostValve.throwable(StandardHostValve.java:348)
	at org.apache.catalina.core.StandardHostValve.invoke(StandardHostValve.java:173)
	at org.apache.catalina.valves.ErrorReportValve.invoke(ErrorReportValve.java:92)
	at org.apache.catalina.core.StandardEngineValve.invoke(StandardEngineValve.java:74)
	at org.apache.catalina.connector.CoyoteAdapter.service(CoyoteAdapter.java:343)
	at org.apache.coyote.http11.Http11Processor.service(Http11Processor.java:373)
	at org.apache.coyote.AbstractProcessorLight.process(AbstractProcessorLight.java:65)
	at org.apache.coyote.AbstractProtocol$ConnectionHandler.process(AbstractProtocol.java:868)
	at org.apache.tomcat.util.net.NioEndpoint$SocketProcessor.doRun(NioEndpoint.java:1589)
	at org.apache.tomcat.util.net.SocketProcessorBase.run(SocketProcessorBase.java:49)
	at java.base/java.util.concurrent.ThreadPoolExecutor.runWorker(ThreadPoolExecutor.java:1128)
	at java.base/java.util.concurrent.ThreadPoolExecutor$Worker.run(ThreadPoolExecutor.java:628)
	at org.apache.tomcat.util.threads.TaskThread$WrappingRunnable.run(TaskThread.java:61)
	at java.base/java.lang.Thread.run(Thread.java:834)
2021-06-23 22:27:20 ERROR [http-nio-0.0.0.0-8091-exec-3] o.a.c.c.C.[Tomcat].[localhost].log:175 - Exception Processing ErrorPage[errorCode=0, location=/error]
com.netcracker.kinopoisk.review.impl.security.JwtAuthenticationException: JWT token is expired or invalid
	at com.netcracker.kinopoisk.review.impl.security.JwtTokenProvider.validateToken(JwtTokenProvider.java:90)
	at com.netcracker.kinopoisk.review.impl.security.JwtTokenFilter.doFilter(JwtTokenFilter.java:27)
	at org.springframework.security.web.FilterChainProxy$VirtualFilterChain.doFilter(FilterChainProxy.java:334)
	at org.springframework.security.web.authentication.logout.LogoutFilter.doFilter(LogoutFilter.java:116)
	at org.springframework.security.web.FilterChainProxy$VirtualFilterChain.doFilter(FilterChainProxy.java:334)
	at org.springframework.web.filter.OncePerRequestFilter.doFilter(OncePerRequestFilter.java:103)
	at org.springframework.security.web.FilterChainProxy$VirtualFilterChain.doFilter(FilterChainProxy.java:334)
	at org.springframework.security.web.context.SecurityContextPersistenceFilter.doFilter(SecurityContextPersistenceFilter.java:105)
	at org.springframework.security.web.FilterChainProxy$VirtualFilterChain.doFilter(FilterChainProxy.java:334)
	at org.springframework.web.filter.OncePerRequestFilter.doFilter(OncePerRequestFilter.java:103)
	at org.springframework.security.web.FilterChainProxy$VirtualFilterChain.doFilter(FilterChainProxy.java:334)
	at org.springframework.security.web.FilterChainProxy.doFilterInternal(FilterChainProxy.java:215)
	at org.springframework.security.web.FilterChainProxy.doFilter(FilterChainProxy.java:178)
	at org.springframework.web.filter.DelegatingFilterProxy.invokeDelegate(DelegatingFilterProxy.java:358)
	at org.springframework.web.filter.DelegatingFilterProxy.doFilter(DelegatingFilterProxy.java:271)
	at org.apache.catalina.core.ApplicationFilterChain.internalDoFilter(ApplicationFilterChain.java:193)
	at org.apache.catalina.core.ApplicationFilterChain.doFilter(ApplicationFilterChain.java:166)
	at org.springframework.web.filter.RequestContextFilter.doFilterInternal(RequestContextFilter.java:100)
	at org.springframework.web.filter.OncePerRequestFilter.doFilter(OncePerRequestFilter.java:119)
	at org.apache.catalina.core.ApplicationFilterChain.internalDoFilter(ApplicationFilterChain.java:193)
	at org.apache.catalina.core.ApplicationFilterChain.doFilter(ApplicationFilterChain.java:166)
	at org.springframework.web.filter.OncePerRequestFilter.doFilter(OncePerRequestFilter.java:103)
	at org.apache.catalina.core.ApplicationFilterChain.internalDoFilter(ApplicationFilterChain.java:193)
	at org.apache.catalina.core.ApplicationFilterChain.doFilter(ApplicationFilterChain.java:166)
	at org.springframework.web.filter.OncePerRequestFilter.doFilter(OncePerRequestFilter.java:103)
	at org.apache.catalina.core.ApplicationFilterChain.internalDoFilter(ApplicationFilterChain.java:193)
	at org.apache.catalina.core.ApplicationFilterChain.doFilter(ApplicationFilterChain.java:166)
	at org.apache.catalina.core.ApplicationDispatcher.invoke(ApplicationDispatcher.java:712)
	at org.apache.catalina.core.ApplicationDispatcher.processRequest(ApplicationDispatcher.java:461)
	at org.apache.catalina.core.ApplicationDispatcher.doForward(ApplicationDispatcher.java:384)
	at org.apache.catalina.core.ApplicationDispatcher.forward(ApplicationDispatcher.java:312)
	at org.apache.catalina.core.StandardHostValve.custom(StandardHostValve.java:394)
	at org.apache.catalina.core.StandardHostValve.status(StandardHostValve.java:253)
	at org.apache.catalina.core.StandardHostValve.throwable(StandardHostValve.java:348)
	at org.apache.catalina.core.StandardHostValve.invoke(StandardHostValve.java:173)
	at org.apache.catalina.valves.ErrorReportValve.invoke(ErrorReportValve.java:92)
	at org.apache.catalina.core.StandardEngineValve.invoke(StandardEngineValve.java:74)
	at org.apache.catalina.connector.CoyoteAdapter.service(CoyoteAdapter.java:343)
	at org.apache.coyote.http11.Http11Processor.service(Http11Processor.java:373)
	at org.apache.coyote.AbstractProcessorLight.process(AbstractProcessorLight.java:65)
	at org.apache.coyote.AbstractProtocol$ConnectionHandler.process(AbstractProtocol.java:868)
	at org.apache.tomcat.util.net.NioEndpoint$SocketProcessor.doRun(NioEndpoint.java:1589)
	at org.apache.tomcat.util.net.SocketProcessorBase.run(SocketProcessorBase.java:49)
	at java.base/java.util.concurrent.ThreadPoolExecutor.runWorker(ThreadPoolExecutor.java:1128)
	at java.base/java.util.concurrent.ThreadPoolExecutor$Worker.run(ThreadPoolExecutor.java:628)
	at org.apache.tomcat.util.threads.TaskThread$WrappingRunnable.run(TaskThread.java:61)
	at java.base/java.lang.Thread.run(Thread.java:834)
2021-06-23 22:28:05 INFO  [RMI TCP Connection(4)-127.0.0.1] o.s.b.a.SpringApplicationAdminMXBeanRegistrar$SpringApplicationAdmin.shutdown:159 - Application shutdown requested.
2021-06-23 22:28:05 INFO  [RMI TCP Connection(4)-127.0.0.1] o.s.o.j.LocalContainerEntityManagerFactoryBean.destroy:598 - Closing JPA EntityManagerFactory for persistence unit 'default'
2021-06-23 22:28:05 INFO  [RMI TCP Connection(4)-127.0.0.1] o.s.s.c.ThreadPoolTaskExecutor.shutdown:218 - Shutting down ExecutorService 'applicationTaskExecutor'
2021-06-23 22:28:05 INFO  [RMI TCP Connection(4)-127.0.0.1] com.zaxxer.hikari.HikariDataSource.close:350 - HikariPool-1 - Shutdown initiated...
2021-06-23 22:28:05 INFO  [RMI TCP Connection(4)-127.0.0.1] com.zaxxer.hikari.HikariDataSource.close:352 - HikariPool-1 - Shutdown completed.
2021-06-23 22:28:26 INFO  [main] c.n.k.r.ReviewServiceApplication.logStarting:55 - Starting ReviewServiceApplication on LAPTOP-LPES598N with PID 17004 (C:\Users\Сережа\git\NetcrackerProject\review-service\review-service-application\target\classes started by Sergey in C:\Users\Сережа\git\NetcrackerProject\review-service\review-service-application)
2021-06-23 22:28:26 DEBUG [main] c.n.k.r.ReviewServiceApplication.logStarting:56 - Running with Spring Boot v2.3.3.RELEASE, Spring v5.2.8.RELEASE
2021-06-23 22:28:26 INFO  [main] c.n.k.r.ReviewServiceApplication.logStartupProfileInfo:655 - The following profiles are active: development
2021-06-23 22:28:27 INFO  [main] o.s.d.r.c.RepositoryConfigurationDelegate.registerRepositoriesIn:127 - Bootstrapping Spring Data JPA repositories in DEFERRED mode.
2021-06-23 22:28:27 INFO  [main] o.s.d.r.c.RepositoryConfigurationDelegate.registerRepositoriesIn:187 - Finished Spring Data repository scanning in 139ms. Found 6 JPA repository interfaces.
2021-06-23 22:28:28 INFO  [main] o.s.b.w.e.tomcat.TomcatWebServer.initialize:108 - Tomcat initialized with port(s): 8091 (http)
2021-06-23 22:28:28 INFO  [main] o.a.catalina.core.StandardService.log:173 - Starting service [Tomcat]
2021-06-23 22:28:28 INFO  [main] o.a.catalina.core.StandardEngine.log:173 - Starting Servlet engine: [Apache Tomcat/9.0.37]
2021-06-23 22:28:28 INFO  [main] o.a.c.c.C.[Tomcat].[localhost].[/].log:173 - Initializing Spring embedded WebApplicationContext
2021-06-23 22:28:28 INFO  [main] o.s.b.w.s.c.ServletWebServerApplicationContext.prepareWebApplicationContext:285 - Root WebApplicationContext: initialization completed in 2667 ms
2021-06-23 22:28:29 INFO  [main] o.f.c.i.license.VersionPrinter.info:49 - Flyway Community Edition 6.4.4 by Redgate
2021-06-23 22:28:29 INFO  [main] com.zaxxer.hikari.HikariDataSource.getConnection:110 - HikariPool-1 - Starting...
2021-06-23 22:28:29 INFO  [main] com.zaxxer.hikari.HikariDataSource.getConnection:123 - HikariPool-1 - Start completed.
2021-06-23 22:28:29 INFO  [main] o.f.c.i.database.DatabaseFactory.info:49 - Database: jdbc:mysql://localhost:4306/review (MySQL 8.0)
2021-06-23 22:28:29 INFO  [main] o.f.core.internal.command.DbValidate.info:49 - Successfully validated 3 migrations (execution time 00:00.077s)
2021-06-23 22:28:29 INFO  [main] o.f.core.internal.command.DbMigrate.info:49 - Current version of schema `review`: 003
2021-06-23 22:28:29 INFO  [main] o.f.core.internal.command.DbMigrate.info:49 - Schema `review` is up to date. No migration necessary.
2021-06-23 22:28:30 INFO  [main] o.s.s.c.ThreadPoolTaskExecutor.initialize:181 - Initializing ExecutorService 'applicationTaskExecutor'
2021-06-23 22:28:30 INFO  [task-1] o.h.jpa.internal.util.LogHelper.logPersistenceUnitInformation:31 - HHH000204: Processing PersistenceUnitInfo [name: default]
2021-06-23 22:28:30 WARN  [main] o.s.b.a.o.j.JpaBaseConfiguration$JpaWebConfiguration.openEntityManagerInViewInterceptor:220 - spring.jpa.open-in-view is enabled by default. Therefore, database queries may be performed during view rendering. Explicitly configure spring.jpa.open-in-view to disable this warning
2021-06-23 22:28:30 INFO  [task-1] org.hibernate.Version.logVersion:44 - HHH000412: Hibernate ORM core version 5.4.20.Final
2021-06-23 22:28:30 INFO  [task-1] o.h.annotations.common.Version.<clinit>:49 - HCANN000001: Hibernate Commons Annotations {5.1.0.Final}
2021-06-23 22:28:30 INFO  [task-1] org.hibernate.dialect.Dialect.<init>:170 - HHH000400: Using dialect: org.hibernate.dialect.MySQL8Dialect
2021-06-23 22:28:30 INFO  [main] o.s.b.a.e.web.EndpointLinksResolver.<init>:58 - Exposing 1 endpoint(s) beneath base path '/actuator'
2021-06-23 22:28:31 INFO  [main] o.s.b.a.w.s.WelcomePageHandlerMapping.<init>:54 - Adding welcome page: class path resource [static/index.html]
2021-06-23 22:28:31 INFO  [task-1] o.h.e.t.j.p.i.JtaPlatformInitiator.initiateService:52 - HHH000490: Using JtaPlatform implementation: [org.hibernate.engine.transaction.jta.platform.internal.NoJtaPlatform]
2021-06-23 22:28:31 INFO  [task-1] o.s.o.j.LocalContainerEntityManagerFactoryBean.buildNativeEntityManagerFactory:416 - Initialized JPA EntityManagerFactory for persistence unit 'default'
2021-06-23 22:28:31 INFO  [main] o.s.s.web.DefaultSecurityFilterChain.<init>:43 - Creating filter chain: any request, [org.springframework.security.web.context.request.async.WebAsyncManagerIntegrationFilter@7a7f2247, org.springframework.security.web.context.SecurityContextPersistenceFilter@779448b8, org.springframework.security.web.header.HeaderWriterFilter@d17d554, org.springframework.security.web.authentication.logout.LogoutFilter@69356aca, com.netcracker.kinopoisk.review.impl.security.JwtTokenFilter@4946dfde, org.springframework.security.web.savedrequest.RequestCacheAwareFilter@2d114d27, org.springframework.security.web.servletapi.SecurityContextHolderAwareRequestFilter@265c0752, org.springframework.security.web.authentication.AnonymousAuthenticationFilter@77972964, org.springframework.security.web.session.SessionManagementFilter@7dbd70fd, org.springframework.security.web.access.ExceptionTranslationFilter@346e5cc, org.springframework.security.web.access.intercept.FilterSecurityInterceptor@4c12f54a]
2021-06-23 22:28:32 INFO  [main] o.s.b.w.e.tomcat.TomcatWebServer.start:220 - Tomcat started on port(s): 8091 (http) with context path ''
2021-06-23 22:28:32 INFO  [main] o.s.d.r.c.DeferredRepositoryInitializationListener.onApplicationEvent:49 - Triggering deferred initialization of Spring Data repositories…
2021-06-23 22:28:32 INFO  [main] o.s.d.r.c.DeferredRepositoryInitializationListener.onApplicationEvent:53 - Spring Data repositories initialized!
2021-06-23 22:28:32 INFO  [main] c.n.k.r.ReviewServiceApplication.logStarted:61 - Started ReviewServiceApplication in 7.457 seconds (JVM running for 8.619)
2021-06-23 22:28:33 INFO  [RMI TCP Connection(3)-127.0.0.1] o.a.c.c.C.[Tomcat].[localhost].[/].log:173 - Initializing Spring DispatcherServlet 'dispatcherServlet'
2021-06-23 22:28:33 INFO  [RMI TCP Connection(3)-127.0.0.1] o.s.web.servlet.DispatcherServlet.initServletBean:525 - Initializing Servlet 'dispatcherServlet'
2021-06-23 22:28:33 INFO  [RMI TCP Connection(3)-127.0.0.1] o.s.web.servlet.DispatcherServlet.initServletBean:547 - Completed initialization in 10 ms
2021-06-23 22:28:53 INFO  [RMI TCP Connection(2)-127.0.0.1] o.s.b.a.SpringApplicationAdminMXBeanRegistrar$SpringApplicationAdmin.shutdown:159 - Application shutdown requested.
2021-06-23 22:28:53 INFO  [RMI TCP Connection(2)-127.0.0.1] o.s.o.j.LocalContainerEntityManagerFactoryBean.destroy:598 - Closing JPA EntityManagerFactory for persistence unit 'default'
2021-06-23 22:28:53 INFO  [RMI TCP Connection(2)-127.0.0.1] o.s.s.c.ThreadPoolTaskExecutor.shutdown:218 - Shutting down ExecutorService 'applicationTaskExecutor'
2021-06-23 22:28:53 INFO  [RMI TCP Connection(2)-127.0.0.1] com.zaxxer.hikari.HikariDataSource.close:350 - HikariPool-1 - Shutdown initiated...
2021-06-23 22:28:53 INFO  [RMI TCP Connection(2)-127.0.0.1] com.zaxxer.hikari.HikariDataSource.close:352 - HikariPool-1 - Shutdown completed.
